{"/home/travis/build/npmtest/node-npmtest-pg/test.js":{"path":"/home/travis/build/npmtest/node-npmtest-pg/test.js","s":{"1":2,"2":2,"3":2,"4":2,"5":2,"6":2,"7":2,"8":1,"9":2,"10":2,"11":1,"12":1,"13":1,"14":1,"15":2,"16":2,"17":2,"18":2,"19":1,"20":1,"21":2,"22":2,"23":2,"24":1,"25":1,"26":1,"27":1,"28":1,"29":1,"30":1,"31":1,"32":1,"33":1,"34":1,"35":1,"36":1,"37":2,"38":2,"39":1,"40":2,"41":2,"42":1,"43":2,"44":2,"45":1,"46":2,"47":2,"48":1,"49":1,"50":1,"51":1,"52":1},"b":{"1":[2,1,1,1],"2":[1,1,1,1],"3":[1,1],"4":[1,1],"5":[1,1],"6":[1,1],"7":[1,1],"8":[1,1],"9":[1,1,1],"10":[1,1],"11":[1,1],"12":[1,1],"13":[1,1],"14":[1,1],"15":[1,1],"16":[1,1]},"f":{"1":2,"2":2,"3":2,"4":2,"5":2,"6":1,"7":1,"8":2,"9":2,"10":2,"11":2,"12":1},"fnMap":{"1":{"name":"(anonymous_1)","line":12,"loc":{"start":{"line":12,"column":1},"end":{"line":12,"column":13}}},"2":{"name":"(anonymous_2)","line":19,"loc":{"start":{"line":19,"column":5},"end":{"line":19,"column":17}}},"3":{"name":"(anonymous_3)","line":23,"loc":{"start":{"line":23,"column":24},"end":{"line":23,"column":36}}},"4":{"name":"(anonymous_4)","line":61,"loc":{"start":{"line":61,"column":5},"end":{"line":61,"column":17}}},"5":{"name":"(anonymous_5)","line":82,"loc":{"start":{"line":82,"column":5},"end":{"line":82,"column":17}}},"6":{"name":"(anonymous_6)","line":102,"loc":{"start":{"line":102,"column":83},"end":{"line":105,"column":10}},"skip":true},"7":{"name":"(anonymous_7)","line":113,"loc":{"start":{"line":113,"column":77},"end":{"line":116,"column":10}},"skip":true},"8":{"name":"(anonymous_8)","line":129,"loc":{"start":{"line":129,"column":12},"end":{"line":129,"column":40}},"skip":true},"9":{"name":"(anonymous_9)","line":137,"loc":{"start":{"line":137,"column":77},"end":{"line":140,"column":10}},"skip":true},"10":{"name":"(anonymous_10)","line":148,"loc":{"start":{"line":148,"column":83},"end":{"line":151,"column":10}},"skip":true},"11":{"name":"(anonymous_11)","line":159,"loc":{"start":{"line":159,"column":79},"end":{"line":162,"column":10}},"skip":true},"12":{"name":"(anonymous_12)","line":170,"loc":{"start":{"line":170,"column":75},"end":{"line":173,"column":10}},"skip":true}},"statementMap":{"1":{"start":{"line":12,"column":0},"end":{"line":185,"column":5}},"2":{"start":{"line":14,"column":4},"end":{"line":14,"column":14}},"3":{"start":{"line":19,"column":4},"end":{"line":56,"column":9}},"4":{"start":{"line":21,"column":8},"end":{"line":21,"column":19}},"5":{"start":{"line":23,"column":8},"end":{"line":35,"column":13}},"6":{"start":{"line":24,"column":12},"end":{"line":34,"column":13}},"7":{"start":{"line":25,"column":16},"end":{"line":28,"column":30}},"8":{"start":{"line":30,"column":16},"end":{"line":33,"column":27}},"9":{"start":{"line":37,"column":8},"end":{"line":39,"column":21}},"10":{"start":{"line":40,"column":8},"end":{"line":53,"column":9}},"11":{"start":{"line":43,"column":12},"end":{"line":46,"column":14}},"12":{"start":{"line":47,"column":12},"end":{"line":47,"column":18}},"13":{"start":{"line":50,"column":12},"end":{"line":51,"column":46}},"14":{"start":{"line":52,"column":12},"end":{"line":52,"column":18}},"15":{"start":{"line":55,"column":8},"end":{"line":55,"column":35}},"16":{"start":{"line":61,"column":4},"end":{"line":63,"column":9}},"17":{"start":{"line":62,"column":8},"end":{"line":62,"column":15}},"18":{"start":{"line":64,"column":4},"end":{"line":77,"column":5}},"19":{"start":{"line":70,"column":8},"end":{"line":70,"column":14}},"20":{"start":{"line":76,"column":8},"end":{"line":76,"column":14}},"21":{"start":{"line":82,"column":4},"end":{"line":84,"column":9}},"22":{"start":{"line":83,"column":8},"end":{"line":83,"column":15}},"23":{"start":{"line":85,"column":4},"end":{"line":184,"column":5}},"24":{"start":{"line":92,"column":8},"end":{"line":94,"column":63}},"25":{"start":{"line":95,"column":8},"end":{"line":95,"column":14}},"26":{"start":{"line":102,"column":8},"end":{"line":111,"column":10},"skip":true},"27":{"start":{"line":109,"column":12},"end":{"line":109,"column":55},"skip":true},"28":{"start":{"line":110,"column":12},"end":{"line":110,"column":48},"skip":true},"29":{"start":{"line":113,"column":8},"end":{"line":126,"column":10},"skip":true},"30":{"start":{"line":120,"column":12},"end":{"line":120,"column":76},"skip":true},"31":{"start":{"line":121,"column":12},"end":{"line":121,"column":73},"skip":true},"32":{"start":{"line":122,"column":12},"end":{"line":122,"column":74},"skip":true},"33":{"start":{"line":123,"column":12},"end":{"line":123,"column":79},"skip":true},"34":{"start":{"line":124,"column":12},"end":{"line":124,"column":25},"skip":true},"35":{"start":{"line":125,"column":12},"end":{"line":125,"column":45},"skip":true},"36":{"start":{"line":128,"column":8},"end":{"line":135,"column":14},"skip":true},"37":{"start":{"line":133,"column":16},"end":{"line":133,"column":29},"skip":true},"38":{"start":{"line":134,"column":16},"end":{"line":134,"column":55},"skip":true},"39":{"start":{"line":137,"column":8},"end":{"line":146,"column":10},"skip":true},"40":{"start":{"line":144,"column":12},"end":{"line":144,"column":25},"skip":true},"41":{"start":{"line":145,"column":12},"end":{"line":145,"column":45},"skip":true},"42":{"start":{"line":148,"column":8},"end":{"line":157,"column":10},"skip":true},"43":{"start":{"line":155,"column":12},"end":{"line":155,"column":25},"skip":true},"44":{"start":{"line":156,"column":12},"end":{"line":156,"column":48},"skip":true},"45":{"start":{"line":159,"column":8},"end":{"line":168,"column":10},"skip":true},"46":{"start":{"line":166,"column":12},"end":{"line":166,"column":25},"skip":true},"47":{"start":{"line":167,"column":12},"end":{"line":167,"column":46},"skip":true},"48":{"start":{"line":170,"column":8},"end":{"line":179,"column":10},"skip":true},"49":{"start":{"line":177,"column":12},"end":{"line":177,"column":94},"skip":true},"50":{"start":{"line":178,"column":12},"end":{"line":178,"column":48},"skip":true},"51":{"start":{"line":182,"column":8},"end":{"line":182,"column":35},"skip":true},"52":{"start":{"line":183,"column":8},"end":{"line":183,"column":14},"skip":true}},"branchMap":{"1":{"line":25,"type":"binary-expr","locations":[{"start":{"line":25,"column":23},"end":{"line":25,"column":62}},{"start":{"line":26,"column":20},"end":{"line":26,"column":70}},{"start":{"line":27,"column":20},"end":{"line":27,"column":71}},{"start":{"line":28,"column":20},"end":{"line":28,"column":29}}]},"2":{"line":30,"type":"binary-expr","locations":[{"start":{"line":30,"column":23},"end":{"line":30,"column":37}},{"start":{"line":31,"column":20},"end":{"line":31,"column":61}},{"start":{"line":32,"column":20},"end":{"line":32,"column":70}},{"start":{"line":33,"column":20},"end":{"line":33,"column":26}}]},"3":{"line":37,"type":"cond-expr","locations":[{"start":{"line":38,"column":14},"end":{"line":38,"column":20}},{"start":{"line":39,"column":14},"end":{"line":39,"column":20}}]},"4":{"line":40,"type":"switch","locations":[{"start":{"line":42,"column":8},"end":{"line":47,"column":18}},{"start":{"line":49,"column":8},"end":{"line":52,"column":18}}]},"5":{"line":44,"type":"binary-expr","locations":[{"start":{"line":44,"column":16},"end":{"line":44,"column":44}},{"start":{"line":44,"column":48},"end":{"line":44,"column":66}}]},"6":{"line":50,"type":"binary-expr","locations":[{"start":{"line":50,"column":21},"end":{"line":50,"column":49}},{"start":{"line":50,"column":53},"end":{"line":50,"column":72}}]},"7":{"line":64,"type":"switch","locations":[{"start":{"line":69,"column":4},"end":{"line":70,"column":14}},{"start":{"line":75,"column":4},"end":{"line":76,"column":14}}]},"8":{"line":85,"type":"switch","locations":[{"start":{"line":90,"column":4},"end":{"line":95,"column":14}},{"start":{"line":101,"column":4},"end":{"line":183,"column":14},"skip":true}]},"9":{"line":92,"type":"binary-expr","locations":[{"start":{"line":92,"column":18},"end":{"line":92,"column":32}},{"start":{"line":93,"column":12},"end":{"line":93,"column":53}},{"start":{"line":94,"column":12},"end":{"line":94,"column":61}}]},"10":{"line":102,"type":"binary-expr","locations":[{"start":{"line":102,"column":45},"end":{"line":102,"column":79},"skip":true},{"start":{"line":102,"column":83},"end":{"line":111,"column":9},"skip":true}]},"11":{"line":113,"type":"binary-expr","locations":[{"start":{"line":113,"column":42},"end":{"line":113,"column":73},"skip":true},{"start":{"line":113,"column":77},"end":{"line":126,"column":9},"skip":true}]},"12":{"line":128,"type":"binary-expr","locations":[{"start":{"line":128,"column":48},"end":{"line":128,"column":85},"skip":true},{"start":{"line":129,"column":12},"end":{"line":135,"column":13},"skip":true}]},"13":{"line":137,"type":"binary-expr","locations":[{"start":{"line":137,"column":42},"end":{"line":137,"column":73},"skip":true},{"start":{"line":137,"column":77},"end":{"line":146,"column":9},"skip":true}]},"14":{"line":148,"type":"binary-expr","locations":[{"start":{"line":148,"column":45},"end":{"line":148,"column":79},"skip":true},{"start":{"line":148,"column":83},"end":{"line":157,"column":9},"skip":true}]},"15":{"line":159,"type":"binary-expr","locations":[{"start":{"line":159,"column":43},"end":{"line":159,"column":75},"skip":true},{"start":{"line":159,"column":79},"end":{"line":168,"column":9},"skip":true}]},"16":{"line":170,"type":"binary-expr","locations":[{"start":{"line":170,"column":41},"end":{"line":170,"column":71},"skip":true},{"start":{"line":170,"column":75},"end":{"line":179,"column":9},"skip":true}]}},"code":["/* istanbul instrument in package npmtest_pg */","/*jslint","    bitwise: true,","    browser: true,","    maxerr: 8,","    maxlen: 96,","    node: true,","    nomen: true,","    regexp: true,","    stupid: true","*/","(function () {","    'use strict';","    var local;","","","","    // run shared js-env code - pre-init","    (function () {","        // init local","        local = {};","        // init modeJs","        local.modeJs = (function () {","            try {","                return typeof navigator.userAgent === 'string' &&","                    typeof document.querySelector('body') === 'object' &&","                    typeof XMLHttpRequest.prototype.open === 'function' &&","                    'browser';","            } catch (errorCaughtBrowser) {","                return module.exports &&","                    typeof process.versions.node === 'string' &&","                    typeof require('http').createServer === 'function' &&","                    'node';","            }","        }());","        // init global","        local.global = local.modeJs === 'browser'","            ? window","            : global;","        switch (local.modeJs) {","        // re-init local from window.local","        case 'browser':","            local = local.global.utility2.objectSetDefault(","                local.global.utility2_rollup || local.global.local,","                local.global.utility2","            );","            break;","        // re-init local from example.js","        case 'node':","            local = (local.global.utility2_rollup || require('utility2'))","                .requireExampleJsFromReadme();","            break;","        }","        // export local","        local.global.local = local;","    }());","","","","    // run shared js-env code - function","    (function () {","        return;","    }());","    switch (local.modeJs) {","","","","    // run browser js-env code - function","    case 'browser':","        break;","","","","    // run node js-env code - function","    case 'node':","        break;","    }","","","","    // run shared js-env code - post-init","    (function () {","        return;","    }());","    switch (local.modeJs) {","","","","    // run browser js-env code - post-init","    case 'browser':","        // run tests","        local.nop(local.modeTest &&","            document.querySelector('#testRunButton1') &&","            document.querySelector('#testRunButton1').click());","        break;","","","","    // run node js-env code - post-init","    /* istanbul ignore next */","    case 'node':","        local.testCase_buildApidoc_default = local.testCase_buildApidoc_default || function (","            options,","            onError","        ) {","        /*","         * this function will test buildApidoc's default handling-behavior-behavior","         */","            options = { modulePathList: module.paths };","            local.buildApidoc(options, onError);","        };","","        local.testCase_buildApp_default = local.testCase_buildApp_default || function (","            options,","            onError","        ) {","        /*","         * this function will test buildApp's default handling-behavior-behavior","         */","            local.testCase_buildReadme_default(options, local.onErrorThrow);","            local.testCase_buildLib_default(options, local.onErrorThrow);","            local.testCase_buildTest_default(options, local.onErrorThrow);","            local.testCase_buildCustomOrg_default(options, local.onErrorThrow);","            options = [];","            local.buildApp(options, onError);","        };","","        local.testCase_buildCustomOrg_default = local.testCase_buildCustomOrg_default ||","            function (options, onError) {","            /*","             * this function will test buildCustomOrg's default handling-behavior","             */","                options = {};","                local.buildCustomOrg(options, onError);","            };","","        local.testCase_buildLib_default = local.testCase_buildLib_default || function (","            options,","            onError","        ) {","        /*","         * this function will test buildLib's default handling-behavior","         */","            options = {};","            local.buildLib(options, onError);","        };","","        local.testCase_buildReadme_default = local.testCase_buildReadme_default || function (","            options,","            onError","        ) {","        /*","         * this function will test buildReadme's default handling-behavior-behavior","         */","            options = {};","            local.buildReadme(options, onError);","        };","","        local.testCase_buildTest_default = local.testCase_buildTest_default || function (","            options,","            onError","        ) {","        /*","         * this function will test buildTest's default handling-behavior","         */","            options = {};","            local.buildTest(options, onError);","        };","","        local.testCase_webpage_default = local.testCase_webpage_default || function (","            options,","            onError","        ) {","        /*","         * this function will test webpage's default handling-behavior","         */","            options = { modeCoverageMerge: true, url: local.serverLocalHost + '?modeTest=1' };","            local.browserTest(options, onError);","        };","","        // run test-server","        local.testRunServer(local);","        break;","    }","}());",""],"l":{"12":2,"14":2,"19":2,"21":2,"23":2,"24":2,"25":2,"30":1,"37":2,"40":2,"43":1,"47":1,"50":1,"52":1,"55":2,"61":2,"62":2,"64":2,"70":1,"76":1,"82":2,"83":2,"85":2,"92":1,"95":1,"102":1,"109":1,"110":1,"113":1,"120":1,"121":1,"122":1,"123":1,"124":1,"125":1,"128":1,"133":2,"134":2,"137":1,"144":2,"145":2,"148":1,"155":2,"156":2,"159":1,"166":2,"167":2,"170":1,"177":1,"178":1,"182":1,"183":1}},"/home/travis/build/npmtest/node-npmtest-pg/lib.npmtest_pg.js":{"path":"/home/travis/build/npmtest/node-npmtest-pg/lib.npmtest_pg.js","s":{"1":2,"2":2,"3":2,"4":2,"5":2,"6":2,"7":2,"8":1,"9":2,"10":2,"11":2,"12":2,"13":1,"14":1,"15":1,"16":1},"b":{"1":[2,1,1,1],"2":[1,1,1,1],"3":[1,1],"4":[2,2],"5":[1,1]},"f":{"1":2,"2":2,"3":2},"fnMap":{"1":{"name":"(anonymous_1)","line":12,"loc":{"start":{"line":12,"column":1},"end":{"line":12,"column":13}}},"2":{"name":"(anonymous_2)","line":19,"loc":{"start":{"line":19,"column":5},"end":{"line":19,"column":17}}},"3":{"name":"(anonymous_3)","line":23,"loc":{"start":{"line":23,"column":24},"end":{"line":23,"column":36}}}},"statementMap":{"1":{"start":{"line":12,"column":0},"end":{"line":53,"column":5}},"2":{"start":{"line":14,"column":4},"end":{"line":14,"column":14}},"3":{"start":{"line":19,"column":4},"end":{"line":52,"column":9}},"4":{"start":{"line":21,"column":8},"end":{"line":21,"column":19}},"5":{"start":{"line":23,"column":8},"end":{"line":35,"column":13}},"6":{"start":{"line":24,"column":12},"end":{"line":34,"column":13}},"7":{"start":{"line":25,"column":16},"end":{"line":28,"column":30}},"8":{"start":{"line":30,"column":16},"end":{"line":33,"column":27}},"9":{"start":{"line":37,"column":8},"end":{"line":39,"column":21}},"10":{"start":{"line":41,"column":8},"end":{"line":41,"column":54}},"11":{"start":{"line":43,"column":8},"end":{"line":43,"column":47}},"12":{"start":{"line":45,"column":8},"end":{"line":51,"column":9}},"13":{"start":{"line":46,"column":12},"end":{"line":46,"column":53}},"14":{"start":{"line":48,"column":12},"end":{"line":48,"column":35}},"15":{"start":{"line":49,"column":12},"end":{"line":49,"column":49}},"16":{"start":{"line":50,"column":12},"end":{"line":50,"column":43}}},"branchMap":{"1":{"line":25,"type":"binary-expr","locations":[{"start":{"line":25,"column":23},"end":{"line":25,"column":62}},{"start":{"line":26,"column":20},"end":{"line":26,"column":70}},{"start":{"line":27,"column":20},"end":{"line":27,"column":71}},{"start":{"line":28,"column":20},"end":{"line":28,"column":29}}]},"2":{"line":30,"type":"binary-expr","locations":[{"start":{"line":30,"column":23},"end":{"line":30,"column":37}},{"start":{"line":31,"column":20},"end":{"line":31,"column":61}},{"start":{"line":32,"column":20},"end":{"line":32,"column":70}},{"start":{"line":33,"column":20},"end":{"line":33,"column":26}}]},"3":{"line":37,"type":"cond-expr","locations":[{"start":{"line":38,"column":14},"end":{"line":38,"column":20}},{"start":{"line":39,"column":14},"end":{"line":39,"column":20}}]},"4":{"line":41,"type":"binary-expr","locations":[{"start":{"line":41,"column":16},"end":{"line":41,"column":44}},{"start":{"line":41,"column":48},"end":{"line":41,"column":53}}]},"5":{"line":45,"type":"if","locations":[{"start":{"line":45,"column":8},"end":{"line":45,"column":8}},{"start":{"line":45,"column":8},"end":{"line":45,"column":8}}]}},"code":["/* istanbul instrument in package npmtest_pg */","/*jslint","    bitwise: true,","    browser: true,","    maxerr: 8,","    maxlen: 96,","    node: true,","    nomen: true,","    regexp: true,","    stupid: true","*/","(function () {","    'use strict';","    var local;","","","","    // run shared js-env code - pre-init","    (function () {","        // init local","        local = {};","        // init modeJs","        local.modeJs = (function () {","            try {","                return typeof navigator.userAgent === 'string' &&","                    typeof document.querySelector('body') === 'object' &&","                    typeof XMLHttpRequest.prototype.open === 'function' &&","                    'browser';","            } catch (errorCaughtBrowser) {","                return module.exports &&","                    typeof process.versions.node === 'string' &&","                    typeof require('http').createServer === 'function' &&","                    'node';","            }","        }());","        // init global","        local.global = local.modeJs === 'browser'","            ? window","            : global;","        // init utility2_rollup","        local = local.global.utility2_rollup || local;","        // init lib","        local.local = local.npmtest_pg = local;","        // init exports","        if (local.modeJs === 'browser') {","            local.global.utility2_npmtest_pg = local;","        } else {","            module.exports = local;","            module.exports.__dirname = __dirname;","            module.exports.module = module;","        }","    }());","}());",""],"l":{"12":2,"14":2,"19":2,"21":2,"23":2,"24":2,"25":2,"30":1,"37":2,"41":2,"43":2,"45":2,"46":1,"48":1,"49":1,"50":1}},"/home/travis/build/npmtest/node-npmtest-pg/example.js":{"path":"/home/travis/build/npmtest/node-npmtest-pg/example.js","s":{"1":2,"2":2,"3":2,"4":2,"5":2,"6":2,"7":2,"8":1,"9":2,"10":2,"11":2,"12":2,"13":1,"14":2,"15":2,"16":2,"17":2,"18":2,"19":0,"20":2,"21":1,"22":1,"23":1,"24":1,"25":1,"26":0,"27":0,"28":1,"29":1,"30":2,"31":0,"32":0,"33":0,"34":1,"35":2,"36":2,"37":2,"38":2,"39":2,"40":2,"41":0,"42":2,"43":2,"44":2,"45":1,"46":3,"47":1,"48":1,"49":1,"50":1,"51":1,"52":1,"53":1,"54":1,"55":1,"56":1,"57":0,"58":1,"59":6,"60":6,"61":1,"62":2,"63":0,"64":2,"65":1,"66":1,"67":0,"68":0,"69":0,"70":0,"71":0,"72":0,"73":0,"74":0,"75":0,"76":0,"77":0,"78":0,"79":0,"80":0,"81":0,"82":0,"83":0},"b":{"1":[2,1,1,1],"2":[1,1,1,1],"3":[1,1],"4":[2,2],"5":[1,1],"6":[1,1],"7":[2,0],"8":[2,1,1,1,1,1],"9":[0,2,0],"10":[1,1],"11":[2,1,1],"12":[1,0],"13":[0,2],"14":[2,0,0,0,0,0,0],"15":[0,2],"16":[2,0],"17":[1,1],"18":[0,1],"19":[1,2,0,2],"20":[1,0],"21":[1,1],"22":[0,0],"23":[0,0],"24":[0,0],"25":[0,0],"26":[0,0],"27":[0,0],"28":[0,0]},"f":{"1":2,"2":2,"3":2,"4":2,"5":2,"6":2,"7":2,"8":2,"9":3,"10":1,"11":6,"12":0},"fnMap":{"1":{"name":"(anonymous_1)","line":26,"loc":{"start":{"line":26,"column":1},"end":{"line":26,"column":13}}},"2":{"name":"(anonymous_2)","line":33,"loc":{"start":{"line":33,"column":5},"end":{"line":33,"column":17}}},"3":{"name":"(anonymous_3)","line":37,"loc":{"start":{"line":37,"column":24},"end":{"line":37,"column":36}}},"4":{"name":"(anonymous_4)","line":69,"loc":{"start":{"line":69,"column":31},"end":{"line":69,"column":48}},"skip":true},"5":{"name":"(anonymous_5)","line":78,"loc":{"start":{"line":78,"column":26},"end":{"line":78,"column":45}},"skip":true},"6":{"name":"(anonymous_6)","line":123,"loc":{"start":{"line":123,"column":33},"end":{"line":123,"column":48}},"skip":true},"7":{"name":"(anonymous_7)","line":125,"loc":{"start":{"line":125,"column":27},"end":{"line":125,"column":39}},"skip":true},"8":{"name":"(anonymous_8)","line":133,"loc":{"start":{"line":133,"column":59},"end":{"line":133,"column":74}},"skip":true},"9":{"name":"(anonymous_9)","line":143,"loc":{"start":{"line":143,"column":45},"end":{"line":143,"column":62}},"skip":true},"10":{"name":"(anonymous_10)","line":144,"loc":{"start":{"line":144,"column":73},"end":{"line":144,"column":92}},"skip":true},"11":{"name":"(anonymous_11)","line":272,"loc":{"start":{"line":272,"column":51},"end":{"line":272,"column":77}},"skip":true},"12":{"name":"(anonymous_12)","line":314,"loc":{"start":{"line":314,"column":32},"end":{"line":314,"column":61}},"skip":true}},"statementMap":{"1":{"start":{"line":26,"column":0},"end":{"line":325,"column":5}},"2":{"start":{"line":28,"column":4},"end":{"line":28,"column":14}},"3":{"start":{"line":33,"column":4},"end":{"line":60,"column":9}},"4":{"start":{"line":35,"column":8},"end":{"line":35,"column":19}},"5":{"start":{"line":37,"column":8},"end":{"line":49,"column":13}},"6":{"start":{"line":38,"column":12},"end":{"line":48,"column":13}},"7":{"start":{"line":39,"column":16},"end":{"line":42,"column":30}},"8":{"start":{"line":44,"column":16},"end":{"line":47,"column":27}},"9":{"start":{"line":51,"column":8},"end":{"line":53,"column":21}},"10":{"start":{"line":55,"column":8},"end":{"line":57,"column":45}},"11":{"start":{"line":59,"column":8},"end":{"line":59,"column":35}},"12":{"start":{"line":61,"column":4},"end":{"line":324,"column":5}},"13":{"start":{"line":69,"column":8},"end":{"line":121,"column":10},"skip":true},"14":{"start":{"line":70,"column":12},"end":{"line":88,"column":13},"skip":true},"15":{"start":{"line":76,"column":16},"end":{"line":87,"column":19},"skip":true},"16":{"start":{"line":79,"column":20},"end":{"line":86,"column":21},"skip":true},"17":{"start":{"line":82,"column":24},"end":{"line":82,"column":43},"skip":true},"18":{"start":{"line":83,"column":24},"end":{"line":83,"column":30},"skip":true},"19":{"start":{"line":85,"column":24},"end":{"line":85,"column":49},"skip":true},"20":{"start":{"line":89,"column":12},"end":{"line":107,"column":13},"skip":true},"21":{"start":{"line":92,"column":16},"end":{"line":102,"column":17},"skip":true},"22":{"start":{"line":93,"column":20},"end":{"line":93,"column":86},"skip":true},"23":{"start":{"line":94,"column":20},"end":{"line":95,"column":45},"skip":true},"24":{"start":{"line":96,"column":20},"end":{"line":96,"column":42},"skip":true},"25":{"start":{"line":97,"column":20},"end":{"line":97,"column":48},"skip":true},"26":{"start":{"line":100,"column":20},"end":{"line":100,"column":85},"skip":true},"27":{"start":{"line":101,"column":20},"end":{"line":101,"column":96},"skip":true},"28":{"start":{"line":103,"column":16},"end":{"line":103,"column":22},"skip":true},"29":{"start":{"line":106,"column":16},"end":{"line":106,"column":22},"skip":true},"30":{"start":{"line":108,"column":12},"end":{"line":120,"column":13},"skip":true},"31":{"start":{"line":114,"column":16},"end":{"line":119,"column":17},"skip":true},"32":{"start":{"line":116,"column":20},"end":{"line":116,"column":78},"skip":true},"33":{"start":{"line":118,"column":20},"end":{"line":118,"column":47},"skip":true},"34":{"start":{"line":123,"column":8},"end":{"line":141,"column":11},"skip":true},"35":{"start":{"line":124,"column":12},"end":{"line":124,"column":54},"skip":true},"36":{"start":{"line":125,"column":12},"end":{"line":140,"column":14},"skip":true},"37":{"start":{"line":126,"column":16},"end":{"line":126,"column":28},"skip":true},"38":{"start":{"line":127,"column":16},"end":{"line":127,"column":69},"skip":true},"39":{"start":{"line":128,"column":16},"end":{"line":128,"column":75},"skip":true},"40":{"start":{"line":129,"column":16},"end":{"line":131,"column":17},"skip":true},"41":{"start":{"line":130,"column":20},"end":{"line":130,"column":27},"skip":true},"42":{"start":{"line":133,"column":16},"end":{"line":137,"column":36},"skip":true},"43":{"start":{"line":134,"column":20},"end":{"line":136,"column":55},"skip":true},"44":{"start":{"line":139,"column":16},"end":{"line":139,"column":57},"skip":true},"45":{"start":{"line":143,"column":8},"end":{"line":147,"column":11},"skip":true},"46":{"start":{"line":144,"column":12},"end":{"line":146,"column":15},"skip":true},"47":{"start":{"line":145,"column":16},"end":{"line":145,"column":70},"skip":true},"48":{"start":{"line":149,"column":8},"end":{"line":149,"column":31},"skip":true},"49":{"start":{"line":150,"column":8},"end":{"line":150,"column":14},"skip":true},"50":{"start":{"line":158,"column":8},"end":{"line":158,"column":31},"skip":true},"51":{"start":{"line":160,"column":8},"end":{"line":160,"column":33},"skip":true},"52":{"start":{"line":161,"column":8},"end":{"line":161,"column":37},"skip":true},"53":{"start":{"line":162,"column":8},"end":{"line":162,"column":35},"skip":true},"54":{"start":{"line":164,"column":8},"end":{"line":164,"column":50},"skip":true},"55":{"start":{"line":166,"column":8},"end":{"line":256,"column":2},"skip":true},"56":{"start":{"line":258,"column":8},"end":{"line":286,"column":9},"skip":true},"57":{"start":{"line":259,"column":12},"end":{"line":269,"column":14},"skip":true},"58":{"start":{"line":271,"column":12},"end":{"line":285,"column":19},"skip":true},"59":{"start":{"line":274,"column":20},"end":{"line":274,"column":35},"skip":true},"60":{"start":{"line":275,"column":20},"end":{"line":284,"column":21},"skip":true},"61":{"start":{"line":277,"column":24},"end":{"line":277,"column":64},"skip":true},"62":{"start":{"line":279,"column":24},"end":{"line":279,"column":40},"skip":true},"63":{"start":{"line":281,"column":24},"end":{"line":281,"column":40},"skip":true},"64":{"start":{"line":283,"column":24},"end":{"line":283,"column":39},"skip":true},"65":{"start":{"line":288,"column":8},"end":{"line":290,"column":9},"skip":true},"66":{"start":{"line":289,"column":12},"end":{"line":289,"column":18},"skip":true},"67":{"start":{"line":291,"column":8},"end":{"line":293,"column":54},"skip":true},"68":{"start":{"line":294,"column":8},"end":{"line":301,"column":37},"skip":true},"69":{"start":{"line":302,"column":8},"end":{"line":302,"column":82},"skip":true},"70":{"start":{"line":305,"column":8},"end":{"line":307,"column":9},"skip":true},"71":{"start":{"line":306,"column":12},"end":{"line":306,"column":82},"skip":true},"72":{"start":{"line":309,"column":8},"end":{"line":311,"column":9},"skip":true},"73":{"start":{"line":310,"column":12},"end":{"line":310,"column":18},"skip":true},"74":{"start":{"line":312,"column":8},"end":{"line":312,"column":54},"skip":true},"75":{"start":{"line":313,"column":8},"end":{"line":313,"column":69},"skip":true},"76":{"start":{"line":314,"column":8},"end":{"line":322,"column":36},"skip":true},"77":{"start":{"line":315,"column":12},"end":{"line":315,"column":61},"skip":true},"78":{"start":{"line":316,"column":12},"end":{"line":319,"column":13},"skip":true},"79":{"start":{"line":317,"column":16},"end":{"line":317,"column":75},"skip":true},"80":{"start":{"line":318,"column":16},"end":{"line":318,"column":23},"skip":true},"81":{"start":{"line":320,"column":12},"end":{"line":320,"column":38},"skip":true},"82":{"start":{"line":321,"column":12},"end":{"line":321,"column":27},"skip":true},"83":{"start":{"line":323,"column":8},"end":{"line":323,"column":14},"skip":true}},"branchMap":{"1":{"line":39,"type":"binary-expr","locations":[{"start":{"line":39,"column":23},"end":{"line":39,"column":62}},{"start":{"line":40,"column":20},"end":{"line":40,"column":70}},{"start":{"line":41,"column":20},"end":{"line":41,"column":71}},{"start":{"line":42,"column":20},"end":{"line":42,"column":29}}]},"2":{"line":44,"type":"binary-expr","locations":[{"start":{"line":44,"column":23},"end":{"line":44,"column":37}},{"start":{"line":45,"column":20},"end":{"line":45,"column":61}},{"start":{"line":46,"column":20},"end":{"line":46,"column":70}},{"start":{"line":47,"column":20},"end":{"line":47,"column":26}}]},"3":{"line":51,"type":"cond-expr","locations":[{"start":{"line":52,"column":14},"end":{"line":52,"column":20}},{"start":{"line":53,"column":14},"end":{"line":53,"column":20}}]},"4":{"line":55,"type":"binary-expr","locations":[{"start":{"line":55,"column":16},"end":{"line":55,"column":44}},{"start":{"line":55,"column":49},"end":{"line":57,"column":43}}]},"5":{"line":55,"type":"cond-expr","locations":[{"start":{"line":56,"column":14},"end":{"line":56,"column":46}},{"start":{"line":57,"column":14},"end":{"line":57,"column":43}}]},"6":{"line":61,"type":"switch","locations":[{"start":{"line":68,"column":4},"end":{"line":150,"column":14},"skip":true},{"start":{"line":156,"column":4},"end":{"line":323,"column":14},"skip":true}]},"7":{"line":70,"type":"if","locations":[{"start":{"line":70,"column":12},"end":{"line":70,"column":12},"skip":true},{"start":{"line":70,"column":12},"end":{"line":70,"column":12},"skip":true}]},"8":{"line":70,"type":"binary-expr","locations":[{"start":{"line":70,"column":16},"end":{"line":70,"column":22},"skip":true},{"start":{"line":70,"column":27},"end":{"line":70,"column":32},"skip":true},{"start":{"line":71,"column":20},"end":{"line":71,"column":39},"skip":true},{"start":{"line":72,"column":20},"end":{"line":72,"column":49},"skip":true},{"start":{"line":73,"column":20},"end":{"line":73,"column":58},"skip":true},{"start":{"line":74,"column":20},"end":{"line":74,"column":69},"skip":true}]},"9":{"line":79,"type":"switch","locations":[{"start":{"line":80,"column":20},"end":{"line":80,"column":33},"skip":true},{"start":{"line":81,"column":20},"end":{"line":83,"column":30},"skip":true},{"start":{"line":84,"column":20},"end":{"line":85,"column":49},"skip":true}]},"10":{"line":89,"type":"switch","locations":[{"start":{"line":90,"column":12},"end":{"line":103,"column":22},"skip":true},{"start":{"line":105,"column":12},"end":{"line":106,"column":22},"skip":true}]},"11":{"line":89,"type":"binary-expr","locations":[{"start":{"line":89,"column":20},"end":{"line":89,"column":25},"skip":true},{"start":{"line":89,"column":29},"end":{"line":89,"column":48},"skip":true},{"start":{"line":89,"column":52},"end":{"line":89,"column":74},"skip":true}]},"12":{"line":92,"type":"if","locations":[{"start":{"line":92,"column":16},"end":{"line":92,"column":16},"skip":true},{"start":{"line":92,"column":16},"end":{"line":92,"column":16},"skip":true}]},"13":{"line":108,"type":"if","locations":[{"start":{"line":108,"column":12},"end":{"line":108,"column":12},"skip":true},{"start":{"line":108,"column":12},"end":{"line":108,"column":12},"skip":true}]},"14":{"line":108,"type":"binary-expr","locations":[{"start":{"line":108,"column":16},"end":{"line":108,"column":61},"skip":true},{"start":{"line":108,"column":66},"end":{"line":108,"column":72},"skip":true},{"start":{"line":108,"column":77},"end":{"line":108,"column":82},"skip":true},{"start":{"line":109,"column":20},"end":{"line":109,"column":39},"skip":true},{"start":{"line":110,"column":20},"end":{"line":110,"column":49},"skip":true},{"start":{"line":111,"column":20},"end":{"line":111,"column":58},"skip":true},{"start":{"line":112,"column":20},"end":{"line":112,"column":68},"skip":true}]},"15":{"line":129,"type":"if","locations":[{"start":{"line":129,"column":16},"end":{"line":129,"column":16},"skip":true},{"start":{"line":129,"column":16},"end":{"line":129,"column":16},"skip":true}]},"16":{"line":134,"type":"cond-expr","locations":[{"start":{"line":135,"column":26},"end":{"line":135,"column":29},"skip":true},{"start":{"line":136,"column":26},"end":{"line":136,"column":54},"skip":true}]},"17":{"line":164,"type":"binary-expr","locations":[{"start":{"line":164,"column":27},"end":{"line":164,"column":43},"skip":true},{"start":{"line":164,"column":47},"end":{"line":164,"column":49},"skip":true}]},"18":{"line":258,"type":"if","locations":[{"start":{"line":258,"column":8},"end":{"line":258,"column":8},"skip":true},{"start":{"line":258,"column":8},"end":{"line":258,"column":8},"skip":true}]},"19":{"line":275,"type":"switch","locations":[{"start":{"line":276,"column":20},"end":{"line":277,"column":64},"skip":true},{"start":{"line":278,"column":20},"end":{"line":279,"column":40},"skip":true},{"start":{"line":280,"column":20},"end":{"line":281,"column":40},"skip":true},{"start":{"line":282,"column":20},"end":{"line":283,"column":39},"skip":true}]},"20":{"line":288,"type":"if","locations":[{"start":{"line":288,"column":8},"end":{"line":288,"column":8},"skip":true},{"start":{"line":288,"column":8},"end":{"line":288,"column":8},"skip":true}]},"21":{"line":288,"type":"binary-expr","locations":[{"start":{"line":288,"column":12},"end":{"line":288,"column":40},"skip":true},{"start":{"line":288,"column":44},"end":{"line":288,"column":67},"skip":true}]},"22":{"line":292,"type":"binary-expr","locations":[{"start":{"line":292,"column":12},"end":{"line":292,"column":50},"skip":true},{"start":{"line":293,"column":12},"end":{"line":293,"column":53},"skip":true}]},"23":{"line":295,"type":"binary-expr","locations":[{"start":{"line":295,"column":12},"end":{"line":295,"column":60},"skip":true},{"start":{"line":296,"column":12},"end":{"line":301,"column":36},"skip":true}]},"24":{"line":302,"type":"binary-expr","locations":[{"start":{"line":302,"column":43},"end":{"line":302,"column":75},"skip":true},{"start":{"line":302,"column":79},"end":{"line":302,"column":81},"skip":true}]},"25":{"line":305,"type":"if","locations":[{"start":{"line":305,"column":8},"end":{"line":305,"column":8},"skip":true},{"start":{"line":305,"column":8},"end":{"line":305,"column":8},"skip":true}]},"26":{"line":309,"type":"if","locations":[{"start":{"line":309,"column":8},"end":{"line":309,"column":8},"skip":true},{"start":{"line":309,"column":8},"end":{"line":309,"column":8},"skip":true}]},"27":{"line":312,"type":"binary-expr","locations":[{"start":{"line":312,"column":27},"end":{"line":312,"column":43},"skip":true},{"start":{"line":312,"column":47},"end":{"line":312,"column":53},"skip":true}]},"28":{"line":316,"type":"if","locations":[{"start":{"line":316,"column":12},"end":{"line":316,"column":12},"skip":true},{"start":{"line":316,"column":12},"end":{"line":316,"column":12},"skip":true}]}},"code":["/*","example.js","","quickstart example","","instruction","    1. save this script as example.js","    2. run the shell command:","        $ npm install npmtest-pg && PORT=8081 node example.js","    3. play with the browser-demo on http://127.0.0.1:8081","*/","","","","/* istanbul instrument in package npmtest_pg */","/*jslint","    bitwise: true,","    browser: true,","    maxerr: 8,","    maxlen: 96,","    node: true,","    nomen: true,","    regexp: true,","    stupid: true","*/","(function () {","    'use strict';","    var local;","","","","    // run shared js-env code - pre-init","    (function () {","        // init local","        local = {};","        // init modeJs","        local.modeJs = (function () {","            try {","                return typeof navigator.userAgent === 'string' &&","                    typeof document.querySelector('body') === 'object' &&","                    typeof XMLHttpRequest.prototype.open === 'function' &&","                    'browser';","            } catch (errorCaughtBrowser) {","                return module.exports &&","                    typeof process.versions.node === 'string' &&","                    typeof require('http').createServer === 'function' &&","                    'node';","            }","        }());","        // init global","        local.global = local.modeJs === 'browser'","            ? window","            : global;","        // init utility2_rollup","        local = local.global.utility2_rollup || (local.modeJs === 'browser'","            ? local.global.utility2_npmtest_pg","            : global.utility2_moduleExports);","        // export local","        local.global.local = local;","    }());","    switch (local.modeJs) {","","","","    // post-init","    // run browser js-env code - post-init","    /* istanbul ignore next */","    case 'browser':","        local.testRunBrowser = function (event) {","            if (!event || (event &&","                    event.currentTarget &&","                    event.currentTarget.className &&","                    event.currentTarget.className.includes &&","                    event.currentTarget.className.includes('onreset'))) {","                // reset output","                Array.from(","                    document.querySelectorAll('body > .resettable')","                ).forEach(function (element) {","                    switch (element.tagName) {","                    case 'INPUT':","                    case 'TEXTAREA':","                        element.value = '';","                        break;","                    default:","                        element.textContent = '';","                    }","                });","            }","            switch (event && event.currentTarget && event.currentTarget.id) {","            case 'testRunButton1':","                // show tests","                if (document.querySelector('#testReportDiv1').style.display === 'none') {","                    document.querySelector('#testReportDiv1').style.display = 'block';","                    document.querySelector('#testRunButton1').textContent =","                        'hide internal test';","                    local.modeTest = true;","                    local.testRunDefault(local);","                // hide tests","                } else {","                    document.querySelector('#testReportDiv1').style.display = 'none';","                    document.querySelector('#testRunButton1').textContent = 'run internal test';","                }","                break;","            // custom-case","            default:","                break;","            }","            if (document.querySelector('#inputTextareaEval1') && (!event || (event &&","                    event.currentTarget &&","                    event.currentTarget.className &&","                    event.currentTarget.className.includes &&","                    event.currentTarget.className.includes('oneval')))) {","                // try to eval input-code","                try {","                    /*jslint evil: true*/","                    eval(document.querySelector('#inputTextareaEval1').value);","                } catch (errorCaught) {","                    console.error(errorCaught);","                }","            }","        };","        // log stderr and stdout to #outputTextareaStdout1","        ['error', 'log'].forEach(function (key) {","            console[key + '_original'] = console[key];","            console[key] = function () {","                var element;","                console[key + '_original'].apply(console, arguments);","                element = document.querySelector('#outputTextareaStdout1');","                if (!element) {","                    return;","                }","                // append text to #outputTextareaStdout1","                element.value += Array.from(arguments).map(function (arg) {","                    return typeof arg === 'string'","                        ? arg","                        : JSON.stringify(arg, null, 4);","                }).join(' ') + '\\n';","                // scroll textarea to bottom","                element.scrollTop = element.scrollHeight;","            };","        });","        // init event-handling","        ['change', 'click', 'keyup'].forEach(function (event) {","            Array.from(document.querySelectorAll('.on' + event)).forEach(function (element) {","                element.addEventListener(event, local.testRunBrowser);","            });","        });","        // run tests","        local.testRunBrowser();","        break;","","","","    // run node js-env code - post-init","    /* istanbul ignore next */","    case 'node':","        // export local","        module.exports = local;","        // require modules","        local.fs = require('fs');","        local.http = require('http');","        local.url = require('url');","        // init assets","        local.assetsDict = local.assetsDict || {};","        /* jslint-ignore-begin */","        local.assetsDict['/assets.index.template.html'] = '\\","<!doctype html>\\n\\","<html lang=\"en\">\\n\\","<head>\\n\\","<meta charset=\"UTF-8\">\\n\\","<meta name=\"viewport\" content=\"width=device-width, initial-scale=1\">\\n\\","<title>{{env.npm_package_name}} (v{{env.npm_package_version}})</title>\\n\\","<style>\\n\\","/*csslint\\n\\","    box-sizing: false,\\n\\","    universal-selector: false\\n\\","*/\\n\\","* {\\n\\","    box-sizing: border-box;\\n\\","}\\n\\","body {\\n\\","    background: #dde;\\n\\","    font-family: Arial, Helvetica, sans-serif;\\n\\","    margin: 2rem;\\n\\","}\\n\\","body > * {\\n\\","    margin-bottom: 1rem;\\n\\","}\\n\\",".utility2FooterDiv {\\n\\","    margin-top: 20px;\\n\\","    text-align: center;\\n\\","}\\n\\","</style>\\n\\","<style>\\n\\","/*csslint\\n\\","*/\\n\\","textarea {\\n\\","    font-family: monospace;\\n\\","    height: 10rem;\\n\\","    width: 100%;\\n\\","}\\n\\","textarea[readonly] {\\n\\","    background: #ddd;\\n\\","}\\n\\","</style>\\n\\","</head>\\n\\","<body>\\n\\","<!-- utility2-comment\\n\\","<div id=\"ajaxProgressDiv1\" style=\"background: #d00; height: 2px; left: 0; margin: 0; padding: 0; position: fixed; top: 0; transition: background 0.5s, width 1.5s; width: 25%;\"></div>\\n\\","utility2-comment -->\\n\\","<h1>\\n\\","<!-- utility2-comment\\n\\","    <a\\n\\","        {{#if env.npm_package_homepage}}\\n\\","        href=\"{{env.npm_package_homepage}}\"\\n\\","        {{/if env.npm_package_homepage}}\\n\\","        target=\"_blank\"\\n\\","    >\\n\\","utility2-comment -->\\n\\","        {{env.npm_package_name}} (v{{env.npm_package_version}})\\n\\","<!-- utility2-comment\\n\\","    </a>\\n\\","utility2-comment -->\\n\\","</h1>\\n\\","<h3>{{env.npm_package_description}}</h3>\\n\\","<!-- utility2-comment\\n\\","<h4><a download href=\"assets.app.js\">download standalone app</a></h4>\\n\\","<button class=\"onclick onreset\" id=\"testRunButton1\">run internal test</button><br>\\n\\","<div id=\"testReportDiv1\" style=\"display: none;\"></div>\\n\\","utility2-comment -->\\n\\","\\n\\","\\n\\","\\n\\","<label>stderr and stdout</label>\\n\\","<textarea class=\"resettable\" id=\"outputTextareaStdout1\" readonly></textarea>\\n\\","<!-- utility2-comment\\n\\","{{#if isRollup}}\\n\\","<script src=\"assets.app.js\"></script>\\n\\","{{#unless isRollup}}\\n\\","utility2-comment -->\\n\\","<script src=\"assets.utility2.rollup.js\"></script>\\n\\","<script src=\"jsonp.utility2._stateInit?callback=window.utility2._stateInit\"></script>\\n\\","<script src=\"assets.npmtest_pg.rollup.js\"></script>\\n\\","<script src=\"assets.example.js\"></script>\\n\\","<script src=\"assets.test.js\"></script>\\n\\","<!-- utility2-comment\\n\\","{{/if isRollup}}\\n\\","utility2-comment -->\\n\\","<div class=\"utility2FooterDiv\">\\n\\","    [ this app was created with\\n\\","    <a href=\"https://github.com/kaizhu256/node-utility2\" target=\"_blank\">utility2</a>\\n\\","    ]\\n\\","</div>\\n\\","</body>\\n\\","</html>\\n\\","';","        /* jslint-ignore-end */","        if (local.templateRender) {","            local.assetsDict['/'] = local.templateRender(","                local.assetsDict['/assets.index.template.html'],","                {","                    env: local.objectSetDefault(local.env, {","                        npm_package_description: 'the greatest app in the world!',","                        npm_package_name: 'my-app',","                        npm_package_nameAlias: 'my_app',","                        npm_package_version: '0.0.1'","                    })","                }","            );","        } else {","            local.assetsDict['/'] = local.assetsDict['/assets.index.template.html']","                .replace((/\\{\\{env\\.(\\w+?)\\}\\}/g), function (match0, match1) {","                    // jslint-hack","                    String(match0);","                    switch (match1) {","                    case 'npm_package_description':","                        return 'the greatest app in the world!';","                    case 'npm_package_name':","                        return 'my-app';","                    case 'npm_package_nameAlias':","                        return 'my_app';","                    case 'npm_package_version':","                        return '0.0.1';","                    }","                });","        }","        // run the cli","        if (local.global.utility2_rollup || module !== require.main) {","            break;","        }","        local.assetsDict['/assets.example.js'] =","            local.assetsDict['/assets.example.js'] ||","            local.fs.readFileSync(__filename, 'utf8');","        local.assetsDict['/assets.npmtest_pg.rollup.js'] =","            local.assetsDict['/assets.npmtest_pg.rollup.js'] ||","            local.fs.readFileSync(","                // buildCustomOrg-hack","                local.npmtest_pg.__dirname +","                    '/lib.npmtest_pg.js',","                'utf8'","            ).replace((/^#!/), '//');","        local.assetsDict['/favicon.ico'] = local.assetsDict['/favicon.ico'] || '';","        // if $npm_config_timeout_exit exists,","        // then exit this process after $npm_config_timeout_exit ms","        if (Number(process.env.npm_config_timeout_exit)) {","            setTimeout(process.exit, Number(process.env.npm_config_timeout_exit));","        }","        // start server","        if (local.global.utility2_serverHttp1) {","            break;","        }","        process.env.PORT = process.env.PORT || '8081';","        console.error('server starting on port ' + process.env.PORT);","        local.http.createServer(function (request, response) {","            request.urlParsed = local.url.parse(request.url);","            if (local.assetsDict[request.urlParsed.pathname] !== undefined) {","                response.end(local.assetsDict[request.urlParsed.pathname]);","                return;","            }","            response.statusCode = 404;","            response.end();","        }).listen(process.env.PORT);","        break;","    }","}());",""],"l":{"26":2,"28":2,"33":2,"35":2,"37":2,"38":2,"39":2,"44":1,"51":2,"55":2,"59":2,"61":2,"69":1,"70":2,"76":2,"79":2,"82":2,"83":2,"85":1,"89":2,"92":1,"93":1,"94":1,"96":1,"97":1,"100":1,"101":1,"103":1,"106":1,"108":2,"114":1,"116":1,"118":1,"123":1,"124":2,"125":2,"126":2,"127":2,"128":2,"129":2,"130":1,"133":2,"134":2,"139":2,"143":1,"144":3,"145":1,"149":1,"150":1,"158":1,"160":1,"161":1,"162":1,"164":1,"166":1,"258":1,"259":1,"271":1,"274":6,"275":6,"277":1,"279":2,"281":1,"283":2,"288":1,"289":1,"291":1,"294":1,"302":1,"305":1,"306":1,"309":1,"310":1,"312":1,"313":1,"314":1,"315":1,"316":1,"317":1,"318":1,"320":1,"321":1,"323":1}},"/home/travis/build/npmtest/node-npmtest-pg/node_modules/pg/lib/index.js":{"path":"/home/travis/build/npmtest/node-npmtest-pg/node_modules/pg/lib/index.js","s":{"1":1,"2":1,"3":1,"4":1,"5":1,"6":1,"7":1,"8":1,"9":1,"10":1,"11":1,"12":1,"13":1,"14":1,"15":1,"16":1,"17":1,"18":1,"19":0,"20":0,"21":0,"22":0,"23":0,"24":0,"25":0,"26":0,"27":0,"28":0,"29":0,"30":0,"31":0,"32":1,"33":0,"34":0,"35":0,"36":0,"37":0,"38":0,"39":0,"40":0,"41":0,"42":0,"43":0,"44":0,"45":0,"46":0,"47":0,"48":0,"49":1,"50":0,"51":0,"52":0,"53":0,"54":0,"55":0,"56":0,"57":1,"58":0,"59":1,"60":1,"61":1,"62":1,"63":1,"64":1,"65":1,"66":0,"67":1,"68":1,"69":1},"b":{"1":[0,0],"2":[0,0],"3":[0,0],"4":[0,0],"5":[0,0],"6":[0,0],"7":[0,0,0],"8":[0,0,0],"9":[0,0,0],"10":[0,0],"11":[0,0],"12":[0,0],"13":[0,0],"14":[0,1],"15":[0,1]},"f":{"1":1,"2":0,"3":0,"4":0,"5":0,"6":0,"7":0,"8":0,"9":1},"fnMap":{"1":{"name":"(anonymous_1)","line":17,"loc":{"start":{"line":17,"column":9},"end":{"line":17,"column":37}}},"2":{"name":"(anonymous_2)","line":30,"loc":{"start":{"line":30,"column":19},"end":{"line":30,"column":30}}},"3":{"name":"(anonymous_3)","line":37,"loc":{"start":{"line":37,"column":17},"end":{"line":37,"column":31}}},"4":{"name":"(anonymous_4)","line":40,"loc":{"start":{"line":40,"column":22},"end":{"line":40,"column":33}}},"5":{"name":"(anonymous_5)","line":41,"loc":{"start":{"line":41,"column":32},"end":{"line":41,"column":43}}},"6":{"name":"(anonymous_6)","line":52,"loc":{"start":{"line":52,"column":23},"end":{"line":52,"column":50}}},"7":{"name":"(anonymous_7)","line":73,"loc":{"start":{"line":73,"column":21},"end":{"line":73,"column":33}}},"8":{"name":"(anonymous_8)","line":81,"loc":{"start":{"line":81,"column":22},"end":{"line":81,"column":54}}},"9":{"name":"(anonymous_9)","line":100,"loc":{"start":{"line":100,"column":44},"end":{"line":100,"column":55}}}},"statementMap":{"1":{"start":{"line":9,"column":0},"end":{"line":9,"column":50}},"2":{"start":{"line":10,"column":0},"end":{"line":10,"column":27}},"3":{"start":{"line":11,"column":0},"end":{"line":11,"column":33}},"4":{"start":{"line":12,"column":0},"end":{"line":12,"column":38}},"5":{"start":{"line":13,"column":0},"end":{"line":13,"column":41}},"6":{"start":{"line":14,"column":0},"end":{"line":14,"column":62}},"7":{"start":{"line":15,"column":0},"end":{"line":15,"column":44}},"8":{"start":{"line":17,"column":0},"end":{"line":26,"column":2}},"9":{"start":{"line":18,"column":2},"end":{"line":18,"column":26}},"10":{"start":{"line":19,"column":2},"end":{"line":19,"column":27}},"11":{"start":{"line":20,"column":2},"end":{"line":20,"column":34}},"12":{"start":{"line":21,"column":2},"end":{"line":21,"column":33}},"13":{"start":{"line":22,"column":2},"end":{"line":22,"column":39}},"14":{"start":{"line":23,"column":2},"end":{"line":23,"column":19}},"15":{"start":{"line":24,"column":2},"end":{"line":24,"column":31}},"16":{"start":{"line":25,"column":2},"end":{"line":25,"column":35}},"17":{"start":{"line":28,"column":0},"end":{"line":28,"column":32}},"18":{"start":{"line":30,"column":0},"end":{"line":50,"column":2}},"19":{"start":{"line":31,"column":2},"end":{"line":31,"column":18}},"20":{"start":{"line":32,"column":2},"end":{"line":32,"column":38}},"21":{"start":{"line":33,"column":2},"end":{"line":33,"column":26}},"22":{"start":{"line":34,"column":2},"end":{"line":49,"column":3}},"23":{"start":{"line":35,"column":4},"end":{"line":35,"column":21}},"24":{"start":{"line":37,"column":4},"end":{"line":48,"column":7}},"25":{"start":{"line":38,"column":6},"end":{"line":38,"column":34}},"26":{"start":{"line":39,"column":6},"end":{"line":39,"column":30}},"27":{"start":{"line":40,"column":6},"end":{"line":47,"column":9}},"28":{"start":{"line":41,"column":8},"end":{"line":46,"column":11}},"29":{"start":{"line":42,"column":10},"end":{"line":42,"column":18}},"30":{"start":{"line":43,"column":10},"end":{"line":45,"column":11}},"31":{"start":{"line":44,"column":12},"end":{"line":44,"column":29}},"32":{"start":{"line":52,"column":0},"end":{"line":78,"column":2}},"33":{"start":{"line":53,"column":2},"end":{"line":56,"column":3}},"34":{"start":{"line":54,"column":4},"end":{"line":54,"column":22}},"35":{"start":{"line":55,"column":4},"end":{"line":55,"column":18}},"36":{"start":{"line":57,"column":2},"end":{"line":57,"column":46}},"37":{"start":{"line":58,"column":2},"end":{"line":60,"column":3}},"38":{"start":{"line":59,"column":4},"end":{"line":59,"column":46}},"39":{"start":{"line":62,"column":2},"end":{"line":62,"column":24}},"40":{"start":{"line":65,"column":2},"end":{"line":65,"column":66}},"41":{"start":{"line":66,"column":2},"end":{"line":66,"column":108}},"42":{"start":{"line":67,"column":2},"end":{"line":67,"column":64}},"43":{"start":{"line":69,"column":2},"end":{"line":69,"column":73}},"44":{"start":{"line":70,"column":2},"end":{"line":70,"column":35}},"45":{"start":{"line":71,"column":2},"end":{"line":76,"column":3}},"46":{"start":{"line":73,"column":4},"end":{"line":75,"column":18}},"47":{"start":{"line":74,"column":6},"end":{"line":74,"column":38}},"48":{"start":{"line":77,"column":2},"end":{"line":77,"column":32}},"49":{"start":{"line":81,"column":0},"end":{"line":92,"column":2}},"50":{"start":{"line":82,"column":2},"end":{"line":84,"column":3}},"51":{"start":{"line":83,"column":4},"end":{"line":83,"column":32}},"52":{"start":{"line":85,"column":2},"end":{"line":85,"column":17}},"53":{"start":{"line":87,"column":2},"end":{"line":89,"column":3}},"54":{"start":{"line":88,"column":4},"end":{"line":88,"column":17}},"55":{"start":{"line":90,"column":2},"end":{"line":90,"column":44}},"56":{"start":{"line":91,"column":2},"end":{"line":91,"column":41}},"57":{"start":{"line":94,"column":0},"end":{"line":114,"column":1}},"58":{"start":{"line":95,"column":2},"end":{"line":95,"column":47}},"59":{"start":{"line":97,"column":2},"end":{"line":97,"column":34}},"60":{"start":{"line":100,"column":2},"end":{"line":113,"column":5}},"61":{"start":{"line":101,"column":4},"end":{"line":101,"column":33}},"62":{"start":{"line":102,"column":4},"end":{"line":102,"column":22}},"63":{"start":{"line":103,"column":4},"end":{"line":110,"column":5}},"64":{"start":{"line":104,"column":6},"end":{"line":104,"column":43}},"65":{"start":{"line":106,"column":6},"end":{"line":108,"column":7}},"66":{"start":{"line":107,"column":8},"end":{"line":107,"column":18}},"67":{"start":{"line":109,"column":6},"end":{"line":109,"column":33}},"68":{"start":{"line":111,"column":4},"end":{"line":111,"column":35}},"69":{"start":{"line":112,"column":4},"end":{"line":112,"column":18}}},"branchMap":{"1":{"line":34,"type":"if","locations":[{"start":{"line":34,"column":2},"end":{"line":34,"column":2}},{"start":{"line":34,"column":2},"end":{"line":34,"column":2}}]},"2":{"line":43,"type":"if","locations":[{"start":{"line":43,"column":10},"end":{"line":43,"column":10}},{"start":{"line":43,"column":10},"end":{"line":43,"column":10}}]},"3":{"line":53,"type":"if","locations":[{"start":{"line":53,"column":2},"end":{"line":53,"column":2}},{"start":{"line":53,"column":2},"end":{"line":53,"column":2}}]},"4":{"line":57,"type":"binary-expr","locations":[{"start":{"line":57,"column":32},"end":{"line":57,"column":38}},{"start":{"line":57,"column":42},"end":{"line":57,"column":44}}]},"5":{"line":58,"type":"if","locations":[{"start":{"line":58,"column":2},"end":{"line":58,"column":2}},{"start":{"line":58,"column":2},"end":{"line":58,"column":2}}]},"6":{"line":62,"type":"binary-expr","locations":[{"start":{"line":62,"column":11},"end":{"line":62,"column":17}},{"start":{"line":62,"column":21},"end":{"line":62,"column":23}}]},"7":{"line":65,"type":"binary-expr","locations":[{"start":{"line":65,"column":15},"end":{"line":65,"column":25}},{"start":{"line":65,"column":29},"end":{"line":65,"column":44}},{"start":{"line":65,"column":48},"end":{"line":65,"column":65}}]},"8":{"line":66,"type":"binary-expr","locations":[{"start":{"line":66,"column":29},"end":{"line":66,"column":53}},{"start":{"line":66,"column":57},"end":{"line":66,"column":79}},{"start":{"line":66,"column":83},"end":{"line":66,"column":107}}]},"9":{"line":67,"type":"binary-expr","locations":[{"start":{"line":67,"column":15},"end":{"line":67,"column":25}},{"start":{"line":67,"column":29},"end":{"line":67,"column":43}},{"start":{"line":67,"column":47},"end":{"line":67,"column":63}}]},"10":{"line":69,"type":"binary-expr","locations":[{"start":{"line":69,"column":26},"end":{"line":69,"column":47}},{"start":{"line":69,"column":51},"end":{"line":69,"column":72}}]},"11":{"line":71,"type":"if","locations":[{"start":{"line":71,"column":2},"end":{"line":71,"column":2}},{"start":{"line":71,"column":2},"end":{"line":71,"column":2}}]},"12":{"line":82,"type":"if","locations":[{"start":{"line":82,"column":2},"end":{"line":82,"column":2}},{"start":{"line":82,"column":2},"end":{"line":82,"column":2}}]},"13":{"line":87,"type":"if","locations":[{"start":{"line":87,"column":2},"end":{"line":87,"column":2}},{"start":{"line":87,"column":2},"end":{"line":87,"column":2}}]},"14":{"line":94,"type":"if","locations":[{"start":{"line":94,"column":0},"end":{"line":94,"column":0}},{"start":{"line":94,"column":0},"end":{"line":94,"column":0}}]},"15":{"line":106,"type":"if","locations":[{"start":{"line":106,"column":6},"end":{"line":106,"column":6}},{"start":{"line":106,"column":6},"end":{"line":106,"column":6}}]}},"code":["/**"," * Copyright (c) 2010-2016 Brian Carlson (brian.m.carlson@gmail.com)"," * All rights reserved."," *"," * This source code is licensed under the MIT license found in the"," * README.md file in the root directory of this source tree."," */","","var EventEmitter = require('events').EventEmitter;","var util = require('util');","var Client = require('./client');","var defaults =  require('./defaults');","var Connection = require('./connection');","var ConnectionParameters = require('./connection-parameters');","var poolFactory = require('./pool-factory');","","var PG = function(clientConstructor) {","  EventEmitter.call(this);","  this.defaults = defaults;","  this.Client = clientConstructor;","  this.Query = this.Client.Query;","  this.Pool = poolFactory(this.Client);","  this._pools = [];","  this.Connection = Connection;","  this.types = require('pg-types');","};","","util.inherits(PG, EventEmitter);","","PG.prototype.end = function() {","  var self = this;","  var keys = Object.keys(this._pools);","  var count = keys.length;","  if(count === 0) {","    self.emit('end');","  } else {","    keys.forEach(function(key) {","      var pool = self._pools[key];","      delete self._pools[key];","      pool.pool.drain(function() {","        pool.pool.destroyAllNow(function() {","          count--;","          if(count === 0) {","            self.emit('end');","          }","        });","      });","    });","  }","};","","PG.prototype.connect = function(config, callback) {","  if(typeof config == \"function\") {","    callback = config;","    config = null;","  }","  var poolName = JSON.stringify(config || {});","  if (typeof config == 'string') {","    config = new ConnectionParameters(config);","  }","","  config = config || {};","","  //for backwards compatibility","  config.max = config.max || config.poolSize || defaults.poolSize;","  config.idleTimeoutMillis = config.idleTimeoutMillis || config.poolIdleTimeout || defaults.poolIdleTimeout;","  config.log = config.log || config.poolLog || defaults.poolLog;","","  this._pools[poolName] = this._pools[poolName] || new this.Pool(config);","  var pool = this._pools[poolName];","  if(!pool.listeners('error').length) {","    //propagate errors up to pg object","    pool.on('error', function(e) {","      this.emit('error', e, e.client);","    }.bind(this));","  }","  return pool.connect(callback);","};","","// cancel the query running on the given client","PG.prototype.cancel = function(config, client, query) {","  if(client.native) {","    return client.cancel(query);","  }","  var c = config;","  //allow for no config to be passed","  if(typeof c === 'function') {","    c = defaults;","  }","  var cancellingClient = new this.Client(c);","  cancellingClient.cancel(client, query);","};","","if(typeof process.env.NODE_PG_FORCE_NATIVE != 'undefined') {","  module.exports = new PG(require('./native'));","} else {","  module.exports = new PG(Client);","","  //lazy require native module...the native module may not have installed","  module.exports.__defineGetter__(\"native\", function() {","    delete module.exports.native;","    var native = null;","    try {","      native = new PG(require('./native'));","    } catch (err) {","      if (err.code !== 'MODULE_NOT_FOUND') {","        throw err;","      }","      console.error(err.message);","    }","    module.exports.native = native;","    return native;","  });","}",""],"l":{"9":1,"10":1,"11":1,"12":1,"13":1,"14":1,"15":1,"17":1,"18":1,"19":1,"20":1,"21":1,"22":1,"23":1,"24":1,"25":1,"28":1,"30":1,"31":0,"32":0,"33":0,"34":0,"35":0,"37":0,"38":0,"39":0,"40":0,"41":0,"42":0,"43":0,"44":0,"52":1,"53":0,"54":0,"55":0,"57":0,"58":0,"59":0,"62":0,"65":0,"66":0,"67":0,"69":0,"70":0,"71":0,"73":0,"74":0,"77":0,"81":1,"82":0,"83":0,"85":0,"87":0,"88":0,"90":0,"91":0,"94":1,"95":0,"97":1,"100":1,"101":1,"102":1,"103":1,"104":1,"106":1,"107":0,"109":1,"111":1,"112":1}},"/home/travis/build/npmtest/node-npmtest-pg/node_modules/pg/lib/client.js":{"path":"/home/travis/build/npmtest/node-npmtest-pg/node_modules/pg/lib/client.js","s":{"1":1,"2":1,"3":1,"4":1,"5":1,"6":1,"7":1,"8":1,"9":1,"10":1,"11":0,"12":0,"13":0,"14":0,"15":0,"16":0,"17":0,"18":0,"19":0,"20":0,"21":0,"22":0,"23":0,"24":0,"25":0,"26":0,"27":1,"28":1,"29":0,"30":0,"31":0,"32":0,"33":0,"34":0,"35":0,"36":0,"37":0,"38":0,"39":0,"40":1,"41":0,"42":0,"43":0,"44":0,"45":0,"46":0,"47":0,"48":0,"49":0,"50":0,"51":0,"52":0,"53":0,"54":0,"55":0,"56":0,"57":0,"58":0,"59":0,"60":0,"61":0,"62":0,"63":0,"64":0,"65":0,"66":0,"67":0,"68":0,"69":0,"70":0,"71":0,"72":0,"73":0,"74":0,"75":0,"76":0,"77":0,"78":0,"79":0,"80":0,"81":0,"82":0,"83":0,"84":0,"85":0,"86":0,"87":0,"88":0,"89":0,"90":0,"91":0,"92":0,"93":0,"94":0,"95":0,"96":0,"97":0,"98":0,"99":0,"100":0,"101":0,"102":0,"103":0,"104":0,"105":0,"106":0,"107":0,"108":0,"109":0,"110":0,"111":0,"112":1,"113":0,"114":0,"115":0,"116":0,"117":0,"118":0,"119":1,"120":0,"121":0,"122":0,"123":0,"124":0,"125":0,"126":0,"127":0,"128":0,"129":1,"130":0,"131":1,"132":0,"133":1,"134":0,"135":0,"136":0,"137":0,"138":0,"139":0,"140":0,"141":0,"142":1,"143":0,"144":0,"145":0,"146":0,"147":0,"148":0,"149":0,"150":0,"151":0,"152":0,"153":0,"154":0,"155":0,"156":0,"157":1,"158":0,"159":0,"160":0,"161":0,"162":0,"163":0,"164":0,"165":0,"166":0,"167":1,"168":0,"169":1,"170":0,"171":1,"172":0,"173":0,"174":0,"175":0,"176":0,"177":0,"178":0,"179":0,"180":1,"181":0,"182":0,"183":0,"184":1,"185":0,"186":1,"187":1},"b":{"1":[0,0],"2":[0,0],"3":[0,0],"4":[0,0],"5":[0,0],"6":[0,0],"7":[0,0],"8":[0,0],"9":[0,0],"10":[0,0],"11":[0,0],"12":[0,0],"13":[0,0],"14":[0,0],"15":[0,0],"16":[0,0],"17":[0,0],"18":[0,0],"19":[0,0],"20":[0,0],"21":[0,0],"22":[0,0],"23":[0,0],"24":[0,0],"25":[0,0],"26":[0,0],"27":[0,0],"28":[0,0],"29":[0,0],"30":[0,0],"31":[0,0],"32":[0,0],"33":[0,0],"34":[0,0],"35":[0,0]},"f":{"1":0,"2":0,"3":0,"4":0,"5":0,"6":0,"7":0,"8":0,"9":0,"10":0,"11":0,"12":0,"13":0,"14":0,"15":0,"16":0,"17":0,"18":0,"19":0,"20":0,"21":0,"22":0,"23":0,"24":0,"25":0,"26":0,"27":0,"28":0,"29":0,"30":0,"31":0,"32":0,"33":0,"34":0,"35":0,"36":0,"37":0},"fnMap":{"1":{"name":"(anonymous_1)","line":20,"loc":{"start":{"line":20,"column":13},"end":{"line":20,"column":30}}},"2":{"name":"(anonymous_2)","line":49,"loc":{"start":{"line":49,"column":27},"end":{"line":49,"column":46}}},"3":{"name":"(anonymous_3)","line":61,"loc":{"start":{"line":61,"column":20},"end":{"line":61,"column":31}}},"4":{"name":"(anonymous_4)","line":69,"loc":{"start":{"line":69,"column":23},"end":{"line":69,"column":34}}},"5":{"name":"checkPgPass","line":73,"loc":{"start":{"line":73,"column":2},"end":{"line":73,"column":27}}},"6":{"name":"(anonymous_6)","line":74,"loc":{"start":{"line":74,"column":11},"end":{"line":74,"column":25}}},"7":{"name":"(anonymous_7)","line":78,"loc":{"start":{"line":78,"column":42},"end":{"line":78,"column":56}}},"8":{"name":"(anonymous_8)","line":89,"loc":{"start":{"line":89,"column":56},"end":{"line":89,"column":67}}},"9":{"name":"(anonymous_9)","line":94,"loc":{"start":{"line":94,"column":50},"end":{"line":94,"column":64}}},"10":{"name":"(anonymous_10)","line":101,"loc":{"start":{"line":101,"column":29},"end":{"line":101,"column":43}}},"11":{"name":"(anonymous_11)","line":108,"loc":{"start":{"line":108,"column":28},"end":{"line":108,"column":39}}},"12":{"name":"(anonymous_12)","line":111,"loc":{"start":{"line":111,"column":29},"end":{"line":111,"column":43}}},"13":{"name":"(anonymous_13)","line":116,"loc":{"start":{"line":116,"column":22},"end":{"line":116,"column":36}}},"14":{"name":"(anonymous_14)","line":121,"loc":{"start":{"line":121,"column":30},"end":{"line":121,"column":44}}},"15":{"name":"(anonymous_15)","line":126,"loc":{"start":{"line":126,"column":25},"end":{"line":126,"column":39}}},"16":{"name":"(anonymous_16)","line":131,"loc":{"start":{"line":131,"column":30},"end":{"line":131,"column":44}}},"17":{"name":"(anonymous_17)","line":138,"loc":{"start":{"line":138,"column":28},"end":{"line":138,"column":42}}},"18":{"name":"(anonymous_18)","line":144,"loc":{"start":{"line":144,"column":29},"end":{"line":144,"column":43}}},"19":{"name":"(anonymous_19)","line":148,"loc":{"start":{"line":148,"column":23},"end":{"line":148,"column":38}}},"20":{"name":"(anonymous_20)","line":152,"loc":{"start":{"line":152,"column":27},"end":{"line":152,"column":41}}},"21":{"name":"(anonymous_21)","line":166,"loc":{"start":{"line":166,"column":26},"end":{"line":166,"column":37}}},"22":{"name":"(anonymous_22)","line":176,"loc":{"start":{"line":176,"column":18},"end":{"line":176,"column":34}}},"23":{"name":"(anonymous_23)","line":190,"loc":{"start":{"line":190,"column":18},"end":{"line":190,"column":29}}},"24":{"name":"(anonymous_24)","line":207,"loc":{"start":{"line":207,"column":19},"end":{"line":207,"column":33}}},"25":{"name":"(anonymous_25)","line":213,"loc":{"start":{"line":213,"column":34},"end":{"line":213,"column":45}}},"26":{"name":"(anonymous_26)","line":229,"loc":{"start":{"line":229,"column":26},"end":{"line":229,"column":50}}},"27":{"name":"(anonymous_27)","line":240,"loc":{"start":{"line":240,"column":22},"end":{"line":240,"column":33}}},"28":{"name":"(anonymous_28)","line":248,"loc":{"start":{"line":248,"column":33},"end":{"line":248,"column":64}}},"29":{"name":"(anonymous_29)","line":252,"loc":{"start":{"line":252,"column":33},"end":{"line":252,"column":55}}},"30":{"name":"(anonymous_30)","line":257,"loc":{"start":{"line":257,"column":36},"end":{"line":257,"column":50}}},"31":{"name":"(anonymous_31)","line":276,"loc":{"start":{"line":276,"column":33},"end":{"line":276,"column":47}}},"32":{"name":"(anonymous_32)","line":302,"loc":{"start":{"line":302,"column":36},"end":{"line":302,"column":47}}},"33":{"name":"(anonymous_33)","line":316,"loc":{"start":{"line":316,"column":28},"end":{"line":316,"column":44}}},"34":{"name":"(anonymous_34)","line":320,"loc":{"start":{"line":320,"column":26},"end":{"line":320,"column":42}}},"35":{"name":"(anonymous_35)","line":324,"loc":{"start":{"line":324,"column":25},"end":{"line":324,"column":60}}},"36":{"name":"(anonymous_36)","line":340,"loc":{"start":{"line":340,"column":23},"end":{"line":340,"column":36}}},"37":{"name":"(anonymous_37)","line":347,"loc":{"start":{"line":347,"column":13},"end":{"line":347,"column":30}}}},"statementMap":{"1":{"start":{"line":9,"column":0},"end":{"line":9,"column":31}},"2":{"start":{"line":10,"column":0},"end":{"line":10,"column":50}},"3":{"start":{"line":11,"column":0},"end":{"line":11,"column":27}},"4":{"start":{"line":12,"column":0},"end":{"line":12,"column":31}},"5":{"start":{"line":13,"column":0},"end":{"line":13,"column":48}},"6":{"start":{"line":15,"column":0},"end":{"line":15,"column":62}},"7":{"start":{"line":16,"column":0},"end":{"line":16,"column":31}},"8":{"start":{"line":17,"column":0},"end":{"line":17,"column":37}},"9":{"start":{"line":18,"column":0},"end":{"line":18,"column":41}},"10":{"start":{"line":20,"column":0},"end":{"line":45,"column":2}},"11":{"start":{"line":21,"column":2},"end":{"line":21,"column":26}},"12":{"start":{"line":23,"column":2},"end":{"line":23,"column":63}},"13":{"start":{"line":24,"column":2},"end":{"line":24,"column":45}},"14":{"start":{"line":25,"column":2},"end":{"line":25,"column":53}},"15":{"start":{"line":26,"column":2},"end":{"line":26,"column":45}},"16":{"start":{"line":27,"column":2},"end":{"line":27,"column":45}},"17":{"start":{"line":28,"column":2},"end":{"line":28,"column":53}},"18":{"start":{"line":30,"column":2},"end":{"line":30,"column":23}},"19":{"start":{"line":32,"column":2},"end":{"line":32,"column":43}},"20":{"start":{"line":34,"column":2},"end":{"line":38,"column":5}},"21":{"start":{"line":39,"column":2},"end":{"line":39,"column":23}},"22":{"start":{"line":40,"column":2},"end":{"line":40,"column":44}},"23":{"start":{"line":41,"column":2},"end":{"line":41,"column":25}},"24":{"start":{"line":42,"column":2},"end":{"line":42,"column":24}},"25":{"start":{"line":43,"column":2},"end":{"line":43,"column":24}},"26":{"start":{"line":44,"column":2},"end":{"line":44,"column":52}},"27":{"start":{"line":47,"column":0},"end":{"line":47,"column":36}},"28":{"start":{"line":49,"column":0},"end":{"line":211,"column":2}},"29":{"start":{"line":50,"column":2},"end":{"line":50,"column":18}},"30":{"start":{"line":51,"column":2},"end":{"line":51,"column":28}},"31":{"start":{"line":53,"column":2},"end":{"line":57,"column":3}},"32":{"start":{"line":54,"column":4},"end":{"line":54,"column":54}},"33":{"start":{"line":56,"column":4},"end":{"line":56,"column":38}},"34":{"start":{"line":61,"column":2},"end":{"line":67,"column":5}},"35":{"start":{"line":62,"column":4},"end":{"line":66,"column":5}},"36":{"start":{"line":63,"column":6},"end":{"line":63,"column":23}},"37":{"start":{"line":65,"column":6},"end":{"line":65,"column":41}},"38":{"start":{"line":69,"column":2},"end":{"line":71,"column":5}},"39":{"start":{"line":70,"column":4},"end":{"line":70,"column":39}},"40":{"start":{"line":73,"column":2},"end":{"line":86,"column":3}},"41":{"start":{"line":74,"column":4},"end":{"line":85,"column":6}},"42":{"start":{"line":75,"column":6},"end":{"line":84,"column":7}},"43":{"start":{"line":76,"column":8},"end":{"line":76,"column":16}},"44":{"start":{"line":78,"column":8},"end":{"line":83,"column":11}},"45":{"start":{"line":79,"column":10},"end":{"line":81,"column":11}},"46":{"start":{"line":80,"column":12},"end":{"line":80,"column":70}},"47":{"start":{"line":82,"column":10},"end":{"line":82,"column":18}},"48":{"start":{"line":89,"column":2},"end":{"line":91,"column":6}},"49":{"start":{"line":90,"column":4},"end":{"line":90,"column":32}},"50":{"start":{"line":94,"column":2},"end":{"line":99,"column":6}},"51":{"start":{"line":95,"column":4},"end":{"line":95,"column":54}},"52":{"start":{"line":96,"column":4},"end":{"line":96,"column":73}},"53":{"start":{"line":97,"column":4},"end":{"line":97,"column":36}},"54":{"start":{"line":98,"column":4},"end":{"line":98,"column":30}},"55":{"start":{"line":101,"column":2},"end":{"line":104,"column":5}},"56":{"start":{"line":102,"column":4},"end":{"line":102,"column":35}},"57":{"start":{"line":103,"column":4},"end":{"line":103,"column":35}},"58":{"start":{"line":108,"column":2},"end":{"line":164,"column":5}},"59":{"start":{"line":111,"column":4},"end":{"line":113,"column":7}},"60":{"start":{"line":112,"column":6},"end":{"line":112,"column":49}},"61":{"start":{"line":116,"column":4},"end":{"line":118,"column":7}},"62":{"start":{"line":117,"column":6},"end":{"line":117,"column":42}},"63":{"start":{"line":121,"column":4},"end":{"line":123,"column":7}},"64":{"start":{"line":122,"column":6},"end":{"line":122,"column":50}},"65":{"start":{"line":126,"column":4},"end":{"line":128,"column":7}},"66":{"start":{"line":127,"column":6},"end":{"line":127,"column":45}},"67":{"start":{"line":131,"column":4},"end":{"line":133,"column":7}},"68":{"start":{"line":132,"column":6},"end":{"line":132,"column":55}},"69":{"start":{"line":138,"column":4},"end":{"line":142,"column":7}},"70":{"start":{"line":139,"column":6},"end":{"line":141,"column":7}},"71":{"start":{"line":140,"column":8},"end":{"line":140,"column":59}},"72":{"start":{"line":144,"column":4},"end":{"line":146,"column":7}},"73":{"start":{"line":145,"column":6},"end":{"line":145,"column":61}},"74":{"start":{"line":148,"column":4},"end":{"line":150,"column":7}},"75":{"start":{"line":149,"column":6},"end":{"line":149,"column":60}},"76":{"start":{"line":152,"column":4},"end":{"line":154,"column":7}},"77":{"start":{"line":153,"column":6},"end":{"line":153,"column":37}},"78":{"start":{"line":157,"column":4},"end":{"line":162,"column":5}},"79":{"start":{"line":158,"column":6},"end":{"line":158,"column":27}},"80":{"start":{"line":161,"column":6},"end":{"line":161,"column":22}},"81":{"start":{"line":163,"column":4},"end":{"line":163,"column":25}},"82":{"start":{"line":166,"column":2},"end":{"line":174,"column":5}},"83":{"start":{"line":167,"column":4},"end":{"line":167,"column":39}},"84":{"start":{"line":168,"column":4},"end":{"line":168,"column":28}},"85":{"start":{"line":169,"column":4},"end":{"line":169,"column":30}},"86":{"start":{"line":170,"column":4},"end":{"line":170,"column":28}},"87":{"start":{"line":171,"column":4},"end":{"line":173,"column":5}},"88":{"start":{"line":172,"column":6},"end":{"line":172,"column":43}},"89":{"start":{"line":176,"column":2},"end":{"line":188,"column":5}},"90":{"start":{"line":177,"column":4},"end":{"line":181,"column":5}},"91":{"start":{"line":178,"column":6},"end":{"line":178,"column":41}},"92":{"start":{"line":179,"column":6},"end":{"line":179,"column":30}},"93":{"start":{"line":180,"column":6},"end":{"line":180,"column":49}},"94":{"start":{"line":182,"column":4},"end":{"line":184,"column":5}},"95":{"start":{"line":183,"column":6},"end":{"line":183,"column":39}},"96":{"start":{"line":185,"column":4},"end":{"line":185,"column":14}},"97":{"start":{"line":186,"column":4},"end":{"line":186,"column":20}},"98":{"start":{"line":187,"column":4},"end":{"line":187,"column":20}},"99":{"start":{"line":190,"column":2},"end":{"line":204,"column":5}},"100":{"start":{"line":191,"column":4},"end":{"line":197,"column":5}},"101":{"start":{"line":193,"column":6},"end":{"line":193,"column":51}},"102":{"start":{"line":194,"column":6},"end":{"line":194,"column":20}},"103":{"start":{"line":195,"column":6},"end":{"line":195,"column":22}},"104":{"start":{"line":196,"column":6},"end":{"line":196,"column":13}},"105":{"start":{"line":198,"column":4},"end":{"line":202,"column":5}},"106":{"start":{"line":199,"column":6},"end":{"line":199,"column":63}},"107":{"start":{"line":200,"column":6},"end":{"line":200,"column":57}},"108":{"start":{"line":201,"column":6},"end":{"line":201,"column":30}},"109":{"start":{"line":203,"column":4},"end":{"line":203,"column":21}},"110":{"start":{"line":207,"column":2},"end":{"line":209,"column":5}},"111":{"start":{"line":208,"column":4},"end":{"line":208,"column":29}},"112":{"start":{"line":213,"column":0},"end":{"line":227,"column":2}},"113":{"start":{"line":214,"column":2},"end":{"line":214,"column":41}},"114":{"start":{"line":216,"column":2},"end":{"line":219,"column":4}},"115":{"start":{"line":221,"column":2},"end":{"line":221,"column":76}},"116":{"start":{"line":222,"column":2},"end":{"line":224,"column":3}},"117":{"start":{"line":223,"column":4},"end":{"line":223,"column":36}},"118":{"start":{"line":226,"column":2},"end":{"line":226,"column":14}},"119":{"start":{"line":229,"column":0},"end":{"line":246,"column":2}},"120":{"start":{"line":230,"column":2},"end":{"line":245,"column":3}},"121":{"start":{"line":231,"column":4},"end":{"line":231,"column":30}},"122":{"start":{"line":233,"column":4},"end":{"line":237,"column":5}},"123":{"start":{"line":234,"column":6},"end":{"line":234,"column":56}},"124":{"start":{"line":236,"column":6},"end":{"line":236,"column":40}},"125":{"start":{"line":240,"column":4},"end":{"line":242,"column":7}},"126":{"start":{"line":241,"column":6},"end":{"line":241,"column":53}},"127":{"start":{"line":243,"column":9},"end":{"line":245,"column":3}},"128":{"start":{"line":244,"column":4},"end":{"line":244,"column":66}},"129":{"start":{"line":248,"column":0},"end":{"line":250,"column":2}},"130":{"start":{"line":249,"column":2},"end":{"line":249,"column":57}},"131":{"start":{"line":252,"column":0},"end":{"line":254,"column":2}},"132":{"start":{"line":253,"column":2},"end":{"line":253,"column":48}},"133":{"start":{"line":257,"column":0},"end":{"line":273,"column":2}},"134":{"start":{"line":259,"column":2},"end":{"line":259,"column":20}},"135":{"start":{"line":261,"column":2},"end":{"line":268,"column":3}},"136":{"start":{"line":262,"column":4},"end":{"line":262,"column":19}},"137":{"start":{"line":263,"column":4},"end":{"line":267,"column":5}},"138":{"start":{"line":264,"column":6},"end":{"line":264,"column":23}},"139":{"start":{"line":266,"column":6},"end":{"line":266,"column":19}},"140":{"start":{"line":270,"column":2},"end":{"line":270,"column":17}},"141":{"start":{"line":272,"column":2},"end":{"line":272,"column":17}},"142":{"start":{"line":276,"column":0},"end":{"line":300,"column":2}},"143":{"start":{"line":278,"column":2},"end":{"line":278,"column":27}},"144":{"start":{"line":279,"column":2},"end":{"line":279,"column":21}},"145":{"start":{"line":281,"column":2},"end":{"line":291,"column":3}},"146":{"start":{"line":282,"column":4},"end":{"line":282,"column":19}},"147":{"start":{"line":283,"column":4},"end":{"line":290,"column":5}},"148":{"start":{"line":284,"column":6},"end":{"line":284,"column":23}},"149":{"start":{"line":285,"column":11},"end":{"line":290,"column":5}},"150":{"start":{"line":286,"column":6},"end":{"line":286,"column":23}},"151":{"start":{"line":287,"column":6},"end":{"line":287,"column":26}},"152":{"start":{"line":289,"column":6},"end":{"line":289,"column":19}},"153":{"start":{"line":293,"column":2},"end":{"line":293,"column":18}},"154":{"start":{"line":295,"column":2},"end":{"line":297,"column":3}},"155":{"start":{"line":296,"column":4},"end":{"line":296,"column":29}},"156":{"start":{"line":299,"column":2},"end":{"line":299,"column":17}},"157":{"start":{"line":302,"column":0},"end":{"line":314,"column":2}},"158":{"start":{"line":303,"column":2},"end":{"line":313,"column":3}},"159":{"start":{"line":304,"column":4},"end":{"line":304,"column":47}},"160":{"start":{"line":305,"column":4},"end":{"line":312,"column":5}},"161":{"start":{"line":306,"column":6},"end":{"line":306,"column":33}},"162":{"start":{"line":307,"column":6},"end":{"line":307,"column":30}},"163":{"start":{"line":308,"column":6},"end":{"line":308,"colu
[...]
0,0],"21":[0,0],"22":[0,0]},"f":{"1":0,"2":0,"3":0,"4":0,"5":0,"6":0,"7":0,"8":0,"9":0,"10":0,"11":0,"12":0,"13":0,"14":0,"15":0,"16":0,"17":0},"fnMap":{"1":{"name":"(anonymous_1)","line":23,"loc":{"start":{"line":23,"column":30},"end":{"line":23,"column":47}}},"2":{"name":"(anonymous_2)","line":56,"loc":{"start":{"line":56,"column":27},"end":{"line":56,"column":40}}},"3":{"name":"(anonymous_3)","line":59,"loc":{"start":{"line":59,"column":16},"end":{"line":59,"column":30}}},"4":{"name":"(anonymous_4)","line":64,"loc":{"start":{"line":64,"column":53},"end":{"line":64,"column":78}}},"5":{"name":"(anonymous_5)","line":66,"loc":{"start":{"line":66,"column":35},"end":{"line":66,"column":49}}},"6":{"name":"(anonymous_6)","line":73,"loc":{"start":{"line":73,"column":30},"end":{"line":73,"column":44}}},"7":{"name":"(anonymous_7)","line":81,"loc":{"start":{"line":81,"column":37},"end":{"line":81,"column":51}}},"8":{"name":"(anonymous_8)","line":108,"loc":{"start":{"line":108,"column":25},"end":{"line":108,"column":60}}},"9":{"name":"(anonymous_9)","line":143,"loc":{"start":{"line":143,"column":23},"end":{"line":143,"column":36}}},"10":{"name":"(anonymous_10)","line":148,"loc":{"start":{"line":148,"column":18},"end":{"line":148,"column":29}}},"11":{"name":"(anonymous_11)","line":160,"loc":{"start":{"line":160,"column":35},"end":{"line":160,"column":46}}},"12":{"name":"(anonymous_12)","line":164,"loc":{"start":{"line":164,"column":36},"end":{"line":164,"column":64}}},"13":{"name":"(anonymous_13)","line":181,"loc":{"start":{"line":181,"column":22},"end":{"line":181,"column":33}}},"14":{"name":"(anonymous_14)","line":187,"loc":{"start":{"line":187,"column":26},"end":{"line":187,"column":42}}},"15":{"name":"(anonymous_15)","line":189,"loc":{"start":{"line":189,"column":23},"end":{"line":189,"column":34}}},"16":{"name":"(anonymous_16)","line":195,"loc":{"start":{"line":195,"column":33},"end":{"line":195,"column":64}}},"17":{"name":"(anonymous_17)","line":199,"loc":{"start":{"line":199,"column":33},"end":{"line":199,"column":55}}}},"statementMap":{"1":{"start":{"line":9,"column":0},"end":{"line":9,"column":34}},"2":{"start":{"line":10,"column":0},"end":{"line":10,"column":49}},"3":{"start":{"line":11,"column":0},"end":{"line":11,"column":31}},"4":{"start":{"line":12,"column":0},"end":{"line":12,"column":40}},"5":{"start":{"line":13,"column":0},"end":{"line":13,"column":31}},"6":{"start":{"line":14,"column":0},"end":{"line":14,"column":50}},"7":{"start":{"line":15,"column":0},"end":{"line":15,"column":27}},"8":{"start":{"line":16,"column":0},"end":{"line":16,"column":63}},"9":{"start":{"line":18,"column":0},"end":{"line":18,"column":75}},"10":{"start":{"line":19,"column":0},"end":{"line":19,"column":62}},"11":{"start":{"line":21,"column":0},"end":{"line":21,"column":37}},"12":{"start":{"line":23,"column":0},"end":{"line":47,"column":2}},"13":{"start":{"line":24,"column":2},"end":{"line":24,"column":26}},"14":{"start":{"line":25,"column":2},"end":{"line":25,"column":24}},"15":{"start":{"line":27,"column":2},"end":{"line":27,"column":48}},"16":{"start":{"line":29,"column":2},"end":{"line":31,"column":5}},"17":{"start":{"line":33,"column":2},"end":{"line":33,"column":24}},"18":{"start":{"line":34,"column":2},"end":{"line":34,"column":26}},"19":{"start":{"line":38,"column":2},"end":{"line":38,"column":72}},"20":{"start":{"line":39,"column":2},"end":{"line":39,"column":22}},"21":{"start":{"line":40,"column":2},"end":{"line":40,"column":30}},"22":{"start":{"line":41,"column":2},"end":{"line":41,"column":30}},"23":{"start":{"line":42,"column":2},"end":{"line":42,"column":22}},"24":{"start":{"line":43,"column":2},"end":{"line":43,"column":22}},"25":{"start":{"line":46,"column":2},"end":{"line":46,"column":25}},"26":{"start":{"line":49,"column":0},"end":{"line":49,"column":36}},"27":{"start":{"line":56,"column":0},"end":{"line":96,"column":2}},"28":{"start":{"line":57,"column":2},"end":{"line":57,"column":18}},"29":{"start":{"line":59,"column":2},"end":{"line":62,"column":4}},"30":{"start":{"line":60,"column":4},"end":{"line":60,"column":26}},"31":{"start":{"line":60,"column":11},"end":{"line":60,"column":26}},"32":{"start":{"line":61,"column":4},"end":{"line":61,"column":35}},"33":{"start":{"line":64,"column":2},"end":{"line":95,"column":5}},"34":{"start":{"line":65,"column":4},"end":{"line":65,"column":32}},"35":{"start":{"line":65,"column":12},"end":{"line":65,"column":32}},"36":{"start":{"line":66,"column":4},"end":{"line":94,"column":7}},"37":{"start":{"line":67,"column":6},"end":{"line":67,"column":34}},"38":{"start":{"line":67,"column":14},"end":{"line":67,"column":34}},"39":{"start":{"line":70,"column":6},"end":{"line":70,"column":29}},"40":{"start":{"line":73,"column":6},"end":{"line":79,"column":9}},"41":{"start":{"line":75,"column":8},"end":{"line":77,"column":9}},"42":{"start":{"line":76,"column":10},"end":{"line":76,"column":17}},"43":{"start":{"line":78,"column":8},"end":{"line":78,"column":32}},"44":{"start":{"line":81,"column":6},"end":{"line":86,"column":9}},"45":{"start":{"line":82,"column":8},"end":{"line":85,"column":11}},"46":{"start":{"line":89,"column":6},"end":{"line":89,"column":27}},"47":{"start":{"line":90,"column":6},"end":{"line":90,"column":34}},"48":{"start":{"line":93,"column":6},"end":{"line":93,"column":18}},"49":{"start":{"line":93,"column":13},"end":{"line":93,"column":18}},"50":{"start":{"line":108,"column":0},"end":{"line":140,"column":2}},"51":{"start":{"line":109,"column":2},"end":{"line":109,"column":43}},"52":{"start":{"line":112,"column":2},"end":{"line":114,"column":3}},"53":{"start":{"line":113,"column":4},"end":{"line":113,"column":24}},"54":{"start":{"line":117,"column":2},"end":{"line":123,"column":3}},"55":{"start":{"line":118,"column":4},"end":{"line":118,"column":29}},"56":{"start":{"line":119,"column":4},"end":{"line":119,"column":33}},"57":{"start":{"line":120,"column":4},"end":{"line":120,"column":29}},"58":{"start":{"line":121,"column":4},"end":{"line":121,"column":37}},"59":{"start":{"line":122,"column":4},"end":{"line":122,"column":49}},"60":{"start":{"line":127,"column":2},"end":{"line":132,"column":3}},"61":{"start":{"line":128,"column":4},"end":{"line":128,"column":28}},"62":{"start":{"line":130,"column":7},"end":{"line":132,"column":3}},"63":{"start":{"line":131,"column":4},"end":{"line":131,"column":26}},"64":{"start":{"line":133,"column":2},"end":{"line":135,"column":3}},"65":{"start":{"line":134,"column":4},"end":{"line":134,"column":30}},"66":{"start":{"line":137,"column":2},"end":{"line":137,"column":31}},"67":{"start":{"line":138,"column":2},"end":{"line":138,"column":26}},"68":{"start":{"line":139,"column":2},"end":{"line":139,"column":15}},"69":{"start":{"line":143,"column":0},"end":{"line":158,"column":2}},"70":{"start":{"line":144,"column":2},"end":{"line":144,"column":18}},"71":{"start":{"line":145,"column":2},"end":{"line":147,"column":3}},"72":{"start":{"line":146,"column":4},"end":{"line":146,"column":50}},"73":{"start":{"line":148,"column":2},"end":{"line":157,"column":5}},"74":{"start":{"line":150,"column":4},"end":{"line":154,"column":5}},"75":{"start":{"line":151,"column":6},"end":{"line":151,"column":40}},"76":{"start":{"line":152,"column":6},"end":{"line":152,"column":34}},"77":{"start":{"line":153,"column":6},"end":{"line":153,"column":52}},"78":{"start":{"line":155,"column":4},"end":{"line":155,"column":21}},"79":{"start":{"line":156,"column":4},"end":{"line":156,"column":16}},"80":{"start":{"line":156,"column":11},"end":{"line":156,"column":16}},"81":{"start":{"line":160,"column":0},"end":{"line":162,"column":2}},"82":{"start":{"line":161,"column":2},"end":{"line":161,"column":101}},"83":{"start":{"line":164,"column":0},"end":{"line":184,"column":2}},"84":{"start":{"line":165,"column":2},"end":{"line":167,"column":3}},"85":{"start":{"line":166,"column":4},"end":{"line":166,"column":11}},"86":{"start":{"line":168,"column":2},"end":{"line":170,"column":3}},"87":{"start":{"line":169,"column":4},"end":{"line":169,"column":11}},"88":{"start":{"line":171,"column":2},"end":{"line":171,"column":39}},"89":{"start":{"line":172,"column":2},"end":{"line":177,"column":3}},"90":{"start":{"line":173,"column":4},"end":{"line":175,"column":5}},"91":{"start":{"line":174,"column":6},"end":{"line":174,"column":25}},"92":{"start":{"line":176,"column":4},"end":{"line":176,"column":11}},"93":{"start":{"line":178,"column":2},"end":{"line":178,"column":28}},"94":{"start":{"line":179,"column":2},"end":{"line":179,"column":21}},"95":{"start":{"line":180,"column":2},"end":{"line":180,"column":18}},"96":{"start":{"line":181,"column":2},"end":{"line":183,"column":5}},"97":{"start":{"line":182,"column":4},"end":{"line":182,"column":28}},"98":{"start":{"line":187,"column":0},"end":{"line":193,"column":2}},"99":{"start":{"line":188,"column":2},"end":{"line":192,"column":3}},"100":{"start":{"line":189,"column":4},"end":{"line":189,"column":38}},"101":{"start":{"line":190,"column":9},"end":{"line":192,"column":3}},"102":{"start":{"line":191,"column":4},"end":{"line":191,"column":64}},"103":{"start":{"line":195,"column":0},"end":{"line":197,"column":2}},"104":{"start":{"line":196,"column":2},"end":{"line":196,"column":57}},"105":{"start":{"line":199,"column":0},"end":{"line":201,"column":2}},"106":{"start":{"line":200,"column":2},"end":{"line":200,"column":48}}},"branchMap":{"1":{"line":25,"type":"binary-expr","locations":[{"start":{"line":25,"column":11},"end":{"line":25,"column":17}},{"start":{"line":25,"column":21},"end":{"line":25,"column":23}}]},"2":{"line":60,"type":"if","locations":[{"start":{"line":60,"column":4},"end":{"line":60,"column":4}},{"start":{"line":60,"column":4},"end":{"line":60,"column":4}}]},"3":{"line":65,"type":"if","locations":[{"start":{"line":65,"column":4},"end":{"line":65,"column":4}},{"start":{"line":65,"column":4},"end":{"line":65,"column":4}}]},"4":{"line":67,"type":"if","locations":[{"start":{"line":67,"column":6},"end":{"line":67,"column":6}},{"start":{"line":67,"column":6},"end":{"line":67,"column":6}}]},"5":{"line":75,"type":"if","locations":[{"start":{"line":75,"column":8},"end":{"line":75,"column":8}},{"start":{"line":75,"column":8},"end":{"line":75,"column":8}}]},"6":{"line":75,"type":"binary-expr","locations":[{"start":{"line":75,"column":11},"end":{"line":75,"column":28}},{"start":{"line":75,"column":32},"end":{"line":75,"column":64}}]},"7":{"line":93,"type":"if","locations":[{"start":{"line":93,"column":6},"end":{"line":93,"column":6}},{"start":{"line":93,"column":6},"end":{"line":93,"column":6}}]},"8":{"line":112,"type":"if","locations":[{"start":{"line":112,"column":2},"end":{"line":112,"column":2}},{"start":{"line":112,"column":2},"end":{"line":112,"column":2}}]},"9":{"line":117,"type":"if","locations":[{"start":{"line":117,"column":2},"end":{"line":117,"column":2}},{"start":{"line":117,"column":2},"end":{"line":117,"column":2}}]},"10":{"line":127,"type":"if","locations":[{"start":{"line":127,"column":2},"end":{"line":127,"column":2}},{"start":{"line":127,"column":2},"end":{"line":127,"column":2}}]},"11":{"line":130,"type":"if","locations":[{"start":{"line":130,"column":7},"end":{"line":130,"column":7}},{"start":{"line":130,"column":7},"end":{"line":130,"column":7}}]},"12":{"line":133,"type":"if","locations":[{"start":{"line":133,"column":2},"end":{"line":133,"column":2}},{"start":{"line":133,"column":2},"end":{"line":133,"column":2}}]},"13":{"line":145,"type":"if","locations":[{"start":{"line":145,"column":2},"end":{"line":145,"column":2}},{"start":{"line":145,"column":2},"end":{"line":145,"column":2}}]},"14":{"line":150,"type":"if","locations":[{"start":{"line":150,"column":4},"end":{"line":150,"column":4}},{"start":{"line":150,"column":4},"end":{"line":150,"column":4}}]},"15":{"line":156,"type":"if","locations":[{"start":{"line":156,"column":4},"end":{"line":156,"column":4}},{"start":{"line":156,"column":4},"end":{"line":156,"column":4}}]},"16":{"line":161,"type":"binary-expr","locations":[{"start":{"line":161,"column":9},"end":{"line":161,"column":26}},{"start":{"line":161,"column":30},"end":{"line":161,"column":64}},{"start":{"line":161,"column":68},"end":{"line":161,"column":100}}]},"17":{"line":165,"type":"if","locations":[{"start":{"line":165,"column":2},"end":{"line":165,"column":2}},{"start":{"line":165,"column":2},"end":{"line":165,"column":2}}]},"18":{"line":168,"type":"if","locations":[{"start":{"line":168,"column":2},"end":{"line":168,"column":2}},{"start":{"line":168,"column":2},"end":{"line":168,"column":2}}]},"19":{"line":172,"type":"if","locations":[{"start":{"line":172,"column":2},"end":{"line":172,"column":2}},{"start":{"line":172,"column":2},"end":{"line":172,"column":2}}]},"20":{"line":173,"type":"if","locations":[{"start":{"line":173,"column":4},"end":{"line":173,"column":4}},{"start":{"line":173,"column":4},"end":{"line":173,"column":4}}]},"21":{"line":188,"type":"if","locations":[{"start":{"line":188,"column":2},"end":{"line":188,"column":2}},{"start":{"line":188,"column":2},"end":{"line":188,"column":2}}]},"22":{"line":190,"type":"if","locations":[{"start":{"line":190,"column":9},"end":{"line":190,"column":9}},{"start":{"line":190,"column":9},"end":{"line":190,"column":9}}]}},"code":["/**"," * Copyright (c) 2010-2016 Brian Carlson (brian.m.carlson@gmail.com)"," * All rights reserved."," *"," * This source code is licensed under the MIT license found in the"," * README.md file in the root directory of this source tree."," */","","var Native = require('pg-native');","var TypeOverrides = require('../type-overrides');","var semver = require('semver');","var pkg = require('../../package.json');","var assert = require('assert');","var EventEmitter = require('events').EventEmitter;","var util = require('util');","var ConnectionParameters = require('../connection-parameters');","","var msg = 'Version >= ' + pkg.minNativeVersion + ' of pg-native required.';","assert(semver.gte(Native.version, pkg.minNativeVersion), msg);","","var NativeQuery = require('./query');","","var Client = module.exports = function(config) {","  EventEmitter.call(this);","  config = config || {};","","  this._types = new TypeOverrides(config.types);","","  this.native = new Native({","    types: this._types","  });","","  this._queryQueue = [];","  this._connected = false;","","  //keep these on the object for legacy reasons","  //for the time being. TODO: deprecate all this jazz","  var cp = this.connectionParameters = new ConnectionParameters(config);","  this.user = cp.user;","  this.password = cp.password;","  this.database = cp.database;","  this.host = cp.host;","  this.port = cp.port;","","  //a hash to hold named queries","  this.namedQueries = {};","};","","util.inherits(Client, EventEmitter);","","//connect to the backend","//pass an optional callback to be called once connected","//or with an error if there was a connection error","//if no callback is passed and there is a connection error","//the client will emit an error event.","Client.prototype.connect = function(cb) {","  var self = this;","","  var onError = function(err) {","    if(cb) return cb(err);","    return self.emit('error', err);","  };","","  this.connectionParameters.getLibpqConnectionString(function(err, conString) {","    if(err) return onError(err);","    self.native.connect(conString, function(err) {","      if(err) return onError(err);","","      //set internal states to connected","      self._connected = true;","","      //handle connection errors from the native layer","      self.native.on('error', function(err) {","        //error will be handled by active query","        if(self._activeQuery && self._activeQuery.state != 'end') {","          return;","        }","        self.emit('error', err);","      });","","      self.native.on('notification', function(msg) {","        self.emit('notification', {","          channel: msg.relname,","          payload: msg.extra","        });","      });","","      //signal we are connected now","      self.emit('connect');","      self._pulseQueryQueue(true);","","      //possibly call the optional callback","      if(cb) cb();","    });","  });","};","","//send a query to the server","//this method is highly overloaded to take","//1) string query, optional array of parameters, optional function callback","//2) object query with {","//    string query","//    optional array values,","//    optional function callback instead of as a separate parameter","//    optional string name to name & cache the query plan","//    optional string rowMode = 'array' for an array of results","//  }","Client.prototype.query = function(config, values, callback) {","  var query = new NativeQuery(this.native);","","  //support query('text', ...) style calls","  if(typeof config == 'string') {","    query.text = config;","  }","","  //support passing everything in via a config object","  if(typeof config == 'object') {","    query.text = config.text;","    query.values = config.values;","    query.name = config.name;","    query.callback = config.callback;","    query._arrayMode = config.rowMode == 'array';","  }","","  //support query({...}, function() {}) style calls","  //& support query(..., ['values'], ...) style calls","  if(typeof values == 'function') {","    query.callback = values;","  }","  else if(util.isArray(values)) {","    query.values = values;","  }","  if(typeof callback == 'function') {","    query.callback = callback;","  }","","  this._queryQueue.push(query);","  this._pulseQueryQueue();","  return query;","};","","//disconnect from the backend server","Client.prototype.end = function(cb) {","  var self = this;","  if(!this._connected) {","    this.once('connect', this.end.bind(this, cb));","  }","  this.native.end(function() {","    //send an error to the active query","    if(self._hasActiveQuery()) {","      var msg = 'Connection terminated';","      self._queryQueue.length = 0;","      self._activeQuery.handleError(new Error(msg));","    }","    self.emit('end');","    if(cb) cb();","  });","};","","Client.prototype._hasActiveQuery = function() {","  return this._activeQuery && this._activeQuery.state != 'error' && this._activeQuery.state != 'end';","};","","Client.prototype._pulseQueryQueue = function(initialConnection) {","  if(!this._connected) {","    return;","  }","  if(this._hasActiveQuery()) {","    return;","  }","  var query = this._queryQueue.shift();","  if(!query) {","    if(!initialConnection) {","      this.emit('drain');","    }","    return;","  }","  this._activeQuery = query;","  query.submit(this);","  var self = this;","  query.once('_done', function() {","    self._pulseQueryQueue();","  });","};","","//attempt to cancel an in-progress query","Client.prototype.cancel = function(query) {","  if(this._activeQuery == query) {","    this.native.cancel(function() {});","  } else if (this._queryQueue.indexOf(query) != -1) {","    this._queryQueue.splice(this._queryQueue.indexOf(query), 1);","  }","};","","Client.prototype.setTypeParser = function(oid, format, parseFn) {","  return this._types.setTypeParser(oid, format, parseFn);","};","","Client.prototype.getTypeParser = function(oid, format) {","  return this._types.getTypeParser(oid, format);","};",""],"l":{"9":1,"10":0,"11":0,"12":0,"13":0,"14":0,"15":0,"16":0,"18":0,"19":0,"21":0,"23":0,"24":0,"25":0,"27":0,"29":0,"33":0,"34":0,"38":0,"39":0,"40":0,"41":0,"42":0,"43":0,"46":0,"49":0,"56":0,"57":0,"59":0,"60":0,"61":0,"64":0,"65":0,"66":0,"67":0,"70":0,"73":0,"75":0,"76":0,"78":0,"81":0,"82":0,"89":0,"90":0,"93":0,"108":0,"109":0,"112":0,"113":0,"117":0,"118":0,"119":0,"120":0,"121":0,"122":0,"127":0,"128":0,"130":0,"131":0,"133":0,"134":0,"137":0,"138":0,"139":0,"143":0,"144":0,"145":0,"146":0,"148":0,"150":0,"151":0,"152":0,"153":0,"155":0,"156":0,"160":0,"161":0,"164":0,"165":0,"166":0,"168":0,"169":0,"171":0,"172":0,"173":0,"174":0,"176":0,"178":0,"179":0,"180":0,"181":0,"182":0,"187":0,"188":0,"189":0,"190":0,"191":0,"195":0,"196":0,"199":0,"200":0}}}